{"/home/cedric/Documents/Projects/fokken-game-server/src/game/card.js": {"path":"/home/cedric/Documents/Projects/fokken-game-server/src/game/card.js","statementMap":{"0":{"start":{"line":1,"column":29},"end":{"line":5,"column":1}},"1":{"start":{"line":9,"column":4},"end":{"line":16,"column":5}},"2":{"start":{"line":15,"column":6},"end":{"line":15,"column":59}},"3":{"start":{"line":18,"column":4},"end":{"line":20,"column":5}},"4":{"start":{"line":19,"column":6},"end":{"line":19,"column":59}},"5":{"start":{"line":22,"column":4},"end":{"line":24,"column":5}},"6":{"start":{"line":23,"column":6},"end":{"line":23,"column":65}},"7":{"start":{"line":26,"column":4},"end":{"line":26,"column":57}},"8":{"start":{"line":27,"column":4},"end":{"line":27,"column":21}}},"fnMap":{"0":{"name":"(anonymous_0)","decl":{"start":{"line":8,"column":2},"end":{"line":8,"column":3}},"loc":{"start":{"line":8,"column":28},"end":{"line":28,"column":3}},"line":8}},"branchMap":{"0":{"loc":{"start":{"line":9,"column":4},"end":{"line":16,"column":5}},"type":"if","locations":[{"start":{"line":9,"column":4},"end":{"line":16,"column":5}},{"start":{"line":9,"column":4},"end":{"line":16,"column":5}}],"line":9},"1":{"loc":{"start":{"line":10,"column":6},"end":{"line":13,"column":19}},"type":"binary-expr","locations":[{"start":{"line":10,"column":6},"end":{"line":10,"column":26}},{"start":{"line":11,"column":6},"end":{"line":11,"column":24}},{"start":{"line":12,"column":6},"end":{"line":12,"column":21}},{"start":{"line":13,"column":6},"end":{"line":13,"column":19}}],"line":10},"2":{"loc":{"start":{"line":18,"column":4},"end":{"line":20,"column":5}},"type":"if","locations":[{"start":{"line":18,"column":4},"end":{"line":20,"column":5}},{"start":{"line":18,"column":4},"end":{"line":20,"column":5}}],"line":18},"3":{"loc":{"start":{"line":18,"column":8},"end":{"line":18,"column":33}},"type":"binary-expr","locations":[{"start":{"line":18,"column":8},"end":{"line":18,"column":18}},{"start":{"line":18,"column":22},"end":{"line":18,"column":33}}],"line":18},"4":{"loc":{"start":{"line":22,"column":4},"end":{"line":24,"column":5}},"type":"if","locations":[{"start":{"line":22,"column":4},"end":{"line":24,"column":5}},{"start":{"line":22,"column":4},"end":{"line":24,"column":5}}],"line":22},"5":{"loc":{"start":{"line":22,"column":8},"end":{"line":22,"column":28}},"type":"binary-expr","locations":[{"start":{"line":22,"column":8},"end":{"line":22,"column":16}},{"start":{"line":22,"column":20},"end":{"line":22,"column":28}}],"line":22},"6":{"loc":{"start":{"line":26,"column":18},"end":{"line":26,"column":56}},"type":"binary-expr","locations":[{"start":{"line":26,"column":18},"end":{"line":26,"column":46}},{"start":{"line":26,"column":50},"end":{"line":26,"column":56}}],"line":26}},"s":{"0":3,"1":681,"2":1,"3":680,"4":3,"5":677,"6":0,"7":677,"8":677},"f":{"0":681},"b":{"0":[1,680],"1":[681,680,680,680],"2":[3,677],"3":[680,678],"4":[0,677],"5":[677,677],"6":[677,521]},"_coverageSchema":"1a1c01bbd47fc00a2c39e90264f33305004495a9","hash":"2899b9453fa63477ebf6431ccb1cf650dff1e9d8"}
,"/home/cedric/Documents/Projects/fokken-game-server/src/game/deck.js": {"path":"/home/cedric/Documents/Projects/fokken-game-server/src/game/deck.js","statementMap":{"0":{"start":{"line":5,"column":18},"end":{"line":7,"column":13}},"1":{"start":{"line":5,"column":52},"end":{"line":7,"column":5}},"2":{"start":{"line":6,"column":46},"end":{"line":6,"column":72}},"3":{"start":{"line":9,"column":4},"end":{"line":9,"column":37}},"4":{"start":{"line":14,"column":12},"end":{"line":14,"column":24}},"5":{"start":{"line":19,"column":4},"end":{"line":27,"column":5}},"6":{"start":{"line":21,"column":6},"end":{"line":21,"column":42}},"7":{"start":{"line":24,"column":6},"end":{"line":24,"column":19}},"8":{"start":{"line":25,"column":6},"end":{"line":25,"column":26}},"9":{"start":{"line":26,"column":6},"end":{"line":26,"column":19}},"10":{"start":{"line":29,"column":4},"end":{"line":29,"column":17}},"11":{"start":{"line":33,"column":4},"end":{"line":33,"column":29}},"12":{"start":{"line":37,"column":4},"end":{"line":39,"column":5}},"13":{"start":{"line":38,"column":6},"end":{"line":38,"column":32}},"14":{"start":{"line":41,"column":4},"end":{"line":41,"column":40}}},"fnMap":{"0":{"name":"(anonymous_0)","decl":{"start":{"line":4,"column":2},"end":{"line":4,"column":3}},"loc":{"start":{"line":4,"column":16},"end":{"line":10,"column":3}},"line":4},"1":{"name":"(anonymous_1)","decl":{"start":{"line":5,"column":39},"end":{"line":5,"column":40}},"loc":{"start":{"line":5,"column":52},"end":{"line":7,"column":5}},"line":5},"2":{"name":"(anonymous_2)","decl":{"start":{"line":6,"column":31},"end":{"line":6,"column":32}},"loc":{"start":{"line":6,"column":46},"end":{"line":6,"column":72}},"line":6},"3":{"name":"(anonymous_3)","decl":{"start":{"line":13,"column":2},"end":{"line":13,"column":3}},"loc":{"start":{"line":13,"column":17},"end":{"line":30,"column":3}},"line":13},"4":{"name":"(anonymous_4)","decl":{"start":{"line":32,"column":2},"end":{"line":32,"column":3}},"loc":{"start":{"line":32,"column":9},"end":{"line":34,"column":3}},"line":32},"5":{"name":"(anonymous_5)","decl":{"start":{"line":36,"column":2},"end":{"line":36,"column":3}},"loc":{"start":{"line":36,"column":19},"end":{"line":42,"column":3}},"line":36}},"branchMap":{"0":{"loc":{"start":{"line":37,"column":4},"end":{"line":39,"column":5}},"type":"if","locations":[{"start":{"line":37,"column":4},"end":{"line":39,"column":5}},{"start":{"line":37,"column":4},"end":{"line":39,"column":5}}],"line":37}},"s":{"0":13,"1":52,"2":676,"3":13,"4":13,"5":13,"6":676,"7":676,"8":676,"9":676,"10":13,"11":0,"12":50,"13":1,"14":49},"f":{"0":13,"1":52,"2":676,"3":13,"4":0,"5":50},"b":{"0":[1,49]},"_coverageSchema":"1a1c01bbd47fc00a2c39e90264f33305004495a9","hash":"dfa87730dfe804ab966818c94aed1aedcc3d0f26"}
,"/home/cedric/Documents/Projects/fokken-game-server/src/game/game.js": {"path":"/home/cedric/Documents/Projects/fokken-game-server/src/game/game.js","statementMap":{"0":{"start":{"line":6,"column":4},"end":{"line":6,"column":25}},"1":{"start":{"line":7,"column":4},"end":{"line":7,"column":32}},"2":{"start":{"line":8,"column":4},"end":{"line":8,"column":27}},"3":{"start":{"line":9,"column":4},"end":{"line":9,"column":32}},"4":{"start":{"line":10,"column":4},"end":{"line":10,"column":21}},"5":{"start":{"line":14,"column":4},"end":{"line":14,"column":58}},"6":{"start":{"line":14,"column":41},"end":{"line":14,"column":56}},"7":{"start":{"line":18,"column":4},"end":{"line":20,"column":5}},"8":{"start":{"line":18,"column":39},"end":{"line":18,"column":55}},"9":{"start":{"line":19,"column":6},"end":{"line":19,"column":47}},"10":{"start":{"line":24,"column":26},"end":{"line":24,"column":77}},"11":{"start":{"line":24,"column":61},"end":{"line":24,"column":76}},"12":{"start":{"line":26,"column":4},"end":{"line":26,"column":52}},"13":{"start":{"line":30,"column":4},"end":{"line":30,"column":69}},"14":{"start":{"line":30,"column":58},"end":{"line":30,"column":67}},"15":{"start":{"line":39,"column":29},"end":{"line":41,"column":5}},"16":{"start":{"line":40,"column":48},"end":{"line":40,"column":69}},"17":{"start":{"line":43,"column":4},"end":{"line":54,"column":7}},"18":{"start":{"line":44,"column":73},"end":{"line":53,"column":7}},"19":{"start":{"line":51,"column":37},"end":{"line":51,"column":58}},"20":{"start":{"line":64,"column":4},"end":{"line":66,"column":9}},"21":{"start":{"line":70,"column":18},"end":{"line":78,"column":5}},"22":{"start":{"line":71,"column":35},"end":{"line":77,"column":7}},"23":{"start":{"line":75,"column":44},"end":{"line":75,"column":65}},"24":{"start":{"line":81,"column":4},"end":{"line":84,"column":7}},"25":{"start":{"line":82,"column":6},"end":{"line":82,"column":44}},"26":{"start":{"line":83,"column":6},"end":{"line":83,"column":46}},"27":{"start":{"line":86,"column":4},"end":{"line":86,"column":17}},"28":{"start":{"line":91,"column":47},"end":{"line":93,"column":5}},"29":{"start":{"line":92,"column":18},"end":{"line":92,"column":33}},"30":{"start":{"line":95,"column":4},"end":{"line":99,"column":6}},"31":{"start":{"line":98,"column":50},"end":{"line":98,"column":67}},"32":{"start":{"line":104,"column":6},"end":{"line":105,"column":25}},"33":{"start":{"line":104,"column":42},"end":{"line":104,"column":58}},"34":{"start":{"line":107,"column":4},"end":{"line":107,"column":46}},"35":{"start":{"line":108,"column":4},"end":{"line":108,"column":41}}},"fnMap":{"0":{"name":"(anonymous_0)","decl":{"start":{"line":5,"column":2},"end":{"line":5,"column":3}},"loc":{"start":{"line":5,"column":34},"end":{"line":11,"column":3}},"line":5},"1":{"name":"(anonymous_1)","decl":{"start":{"line":13,"column":2},"end":{"line":13,"column":3}},"loc":{"start":{"line":13,"column":22},"end":{"line":15,"column":3}},"line":13},"2":{"name":"(anonymous_2)","decl":{"start":{"line":14,"column":29},"end":{"line":14,"column":30}},"loc":{"start":{"line":14,"column":41},"end":{"line":14,"column":56}},"line":14},"3":{"name":"(anonymous_3)","decl":{"start":{"line":17,"column":2},"end":{"line":17,"column":3}},"loc":{"start":{"line":17,"column":20},"end":{"line":21,"column":3}},"line":17},"4":{"name":"(anonymous_4)","decl":{"start":{"line":18,"column":27},"end":{"line":18,"column":28}},"loc":{"start":{"line":18,"column":39},"end":{"line":18,"column":55}},"line":18},"5":{"name":"(anonymous_5)","decl":{"start":{"line":23,"column":2},"end":{"line":23,"column":3}},"loc":{"start":{"line":23,"column":34},"end":{"line":27,"column":3}},"line":23},"6":{"name":"(anonymous_6)","decl":{"start":{"line":24,"column":49},"end":{"line":24,"column":50}},"loc":{"start":{"line":24,"column":61},"end":{"line":24,"column":76}},"line":24},"7":{"name":"(anonymous_7)","decl":{"start":{"line":29,"column":2},"end":{"line":29,"column":3}},"loc":{"start":{"line":29,"column":19},"end":{"line":31,"column":3}},"line":29},"8":{"name":"(anonymous_8)","decl":{"start":{"line":30,"column":28},"end":{"line":30,"column":29}},"loc":{"start":{"line":30,"column":58},"end":{"line":30,"column":67}},"line":30},"9":{"name":"(anonymous_9)","decl":{"start":{"line":38,"column":2},"end":{"line":38,"column":3}},"loc":{"start":{"line":38,"column":26},"end":{"line":55,"column":3}},"line":38},"10":{"name":"(anonymous_10)","decl":{"start":{"line":40,"column":23},"end":{"line":40,"column":24}},"loc":{"start":{"line":40,"column":48},"end":{"line":40,"column":69}},"line":40},"11":{"name":"(anonymous_11)","decl":{"start":{"line":44,"column":46},"end":{"line":44,"column":47}},"loc":{"start":{"line":44,"column":73},"end":{"line":53,"column":7}},"line":44},"12":{"name":"(anonymous_12)","decl":{"start":{"line":51,"column":26},"end":{"line":51,"column":27}},"loc":{"start":{"line":51,"column":37},"end":{"line":51,"column":58}},"line":51},"13":{"name":"(anonymous_13)","decl":{"start":{"line":62,"column":2},"end":{"line":62,"column":3}},"loc":{"start":{"line":62,"column":16},"end":{"line":87,"column":3}},"line":62},"14":{"name":"(anonymous_14)","decl":{"start":{"line":71,"column":23},"end":{"line":71,"column":24}},"loc":{"start":{"line":71,"column":35},"end":{"line":77,"column":7}},"line":71},"15":{"name":"(anonymous_15)","decl":{"start":{"line":75,"column":38},"end":{"line":75,"column":39}},"loc":{"start":{"line":75,"column":44},"end":{"line":75,"column":65}},"line":75},"16":{"name":"(anonymous_16)","decl":{"start":{"line":81,"column":25},"end":{"line":81,"column":26}},"loc":{"start":{"line":81,"column":40},"end":{"line":84,"column":5}},"line":81},"17":{"name":"(anonymous_17)","decl":{"start":{"line":90,"column":2},"end":{"line":90,"column":3}},"loc":{"start":{"line":90,"column":32},"end":{"line":100,"column":3}},"line":90},"18":{"name":"(anonymous_18)","decl":{"start":{"line":92,"column":6},"end":{"line":92,"column":7}},"loc":{"start":{"line":92,"column":18},"end":{"line":92,"column":33}},"line":92},"19":{"name":"(anonymous_19)","decl":{"start":{"line":98,"column":34},"end":{"line":98,"column":35}},"loc":{"start":{"line":98,"column":50},"end":{"line":98,"column":67}},"line":98},"20":{"name":"(anonymous_20)","decl":{"start":{"line":102,"column":2},"end":{"line":102,"column":3}},"loc":{"start":{"line":102,"column":16},"end":{"line":109,"column":3}},"line":102},"21":{"name":"(anonymous_21)","decl":{"start":{"line":104,"column":30},"end":{"line":104,"column":31}},"loc":{"start":{"line":104,"column":42},"end":{"line":104,"column":58}},"line":104}},"branchMap":{"0":{"loc":{"start":{"line":18,"column":4},"end":{"line":20,"column":5}},"type":"if","locations":[{"start":{"line":18,"column":4},"end":{"line":20,"column":5}},{"start":{"line":18,"column":4},"end":{"line":20,"column":5}}],"line":18},"1":{"loc":{"start":{"line":47,"column":16},"end":{"line":47,"column":52}},"type":"cond-expr","locations":[{"start":{"line":47,"column":34},"end":{"line":47,"column":38}},{"start":{"line":47,"column":41},"end":{"line":47,"column":52}}],"line":47},"2":{"loc":{"start":{"line":49,"column":12},"end":{"line":51,"column":59}},"type":"cond-expr","locations":[{"start":{"line":50,"column":16},"end":{"line":50,"column":21}},{"start":{"line":51,"column":16},"end":{"line":51,"column":59}}],"line":49}},"s":{"0":7,"1":7,"2":7,"3":7,"4":7,"5":4,"6":4,"7":21,"8":42,"9":21,"10":1,"11":1,"12":1,"13":0,"14":0,"15":3,"16":12,"17":3,"18":12,"19":27,"20":3,"21":3,"22":12,"23":36,"24":3,"25":12,"26":12,"27":3,"28":0,"29":0,"30":0,"31":0,"32":0,"33":0,"34":0,"35":0},"f":{"0":7,"1":4,"2":4,"3":21,"4":42,"5":1,"6":1,"7":0,"8":0,"9":3,"10":12,"11":12,"12":27,"13":3,"14":12,"15":36,"16":12,"17":0,"18":0,"19":0,"20":0,"21":0},"b":{"0":[21,0],"1":[3,9],"2":[3,9]},"_coverageSchema":"1a1c01bbd47fc00a2c39e90264f33305004495a9","hash":"350e26bb708db23ebd892dd9cf8c384dc6191725"}
,"/home/cedric/Documents/Projects/fokken-game-server/src/game/player.js": {"path":"/home/cedric/Documents/Projects/fokken-game-server/src/game/player.js","statementMap":{"0":{"start":{"line":3,"column":4},"end":{"line":3,"column":29}},"1":{"start":{"line":4,"column":4},"end":{"line":4,"column":24}},"2":{"start":{"line":5,"column":4},"end":{"line":5,"column":25}},"3":{"start":{"line":6,"column":4},"end":{"line":6,"column":19}},"4":{"start":{"line":7,"column":4},"end":{"line":7,"column":20}},"5":{"start":{"line":11,"column":4},"end":{"line":11,"column":37}}},"fnMap":{"0":{"name":"(anonymous_0)","decl":{"start":{"line":2,"column":2},"end":{"line":2,"column":3}},"loc":{"start":{"line":2,"column":32},"end":{"line":8,"column":3}},"line":2},"1":{"name":"(anonymous_1)","decl":{"start":{"line":10,"column":2},"end":{"line":10,"column":3}},"loc":{"start":{"line":10,"column":22},"end":{"line":12,"column":3}},"line":10}},"branchMap":{},"s":{"0":4,"1":4,"2":4,"3":4,"4":4,"5":1},"f":{"0":4,"1":1},"b":{},"_coverageSchema":"1a1c01bbd47fc00a2c39e90264f33305004495a9","hash":"274a7c0ef143f4c44adb5faac322abdf4caddb2a"}
}
