{"/home/cedric/Documents/projects/fokken/fokken-service/dist/game/card.js": {"path":"/home/cedric/Documents/projects/fokken/fokken-service/dist/game/card.js","statementMap":{"0":{"start":{"line":3,"column":0},"end":{"line":5,"column":3}},"1":{"start":{"line":6,"column":0},"end":{"line":6,"column":28}},"2":{"start":{"line":8,"column":50},"end":{"line":8,"column":151}},"3":{"start":{"line":8,"column":92},"end":{"line":8,"column":149}},"4":{"start":{"line":10,"column":27},"end":{"line":14,"column":1}},"5":{"start":{"line":16,"column":11},"end":{"line":33,"column":1}},"6":{"start":{"line":17,"column":2},"end":{"line":17,"column":30}},"7":{"start":{"line":19,"column":2},"end":{"line":21,"column":3}},"8":{"start":{"line":20,"column":4},"end":{"line":20,"column":57}},"9":{"start":{"line":23,"column":2},"end":{"line":25,"column":3}},"10":{"start":{"line":24,"column":4},"end":{"line":24,"column":57}},"11":{"start":{"line":27,"column":2},"end":{"line":29,"column":3}},"12":{"start":{"line":28,"column":4},"end":{"line":28,"column":63}},"13":{"start":{"line":31,"column":2},"end":{"line":31,"column":55}},"14":{"start":{"line":32,"column":2},"end":{"line":32,"column":19}},"15":{"start":{"line":35,"column":15},"end":{"line":35,"column":19}},"16":{"start":{"line":36,"column":0},"end":{"line":36,"column":30}}},"fnMap":{"0":{"name":"_classCallCheck","decl":{"start":{"line":8,"column":9},"end":{"line":8,"column":24}},"loc":{"start":{"line":8,"column":48},"end":{"line":8,"column":153}},"line":8},"1":{"name":"Card","decl":{"start":{"line":16,"column":20},"end":{"line":16,"column":24}},"loc":{"start":{"line":16,"column":39},"end":{"line":33,"column":1}},"line":16}},"branchMap":{"0":{"loc":{"start":{"line":8,"column":50},"end":{"line":8,"column":151}},"type":"if","locations":[{"start":{"line":8,"column":50},"end":{"line":8,"column":151}},{"start":{"line":8,"column":50},"end":{"line":8,"column":151}}],"line":8},"1":{"loc":{"start":{"line":19,"column":2},"end":{"line":21,"column":3}},"type":"if","locations":[{"start":{"line":19,"column":2},"end":{"line":21,"column":3}},{"start":{"line":19,"column":2},"end":{"line":21,"column":3}}],"line":19},"2":{"loc":{"start":{"line":19,"column":6},"end":{"line":19,"column":84}},"type":"binary-expr","locations":[{"start":{"line":19,"column":6},"end":{"line":19,"column":26}},{"start":{"line":19,"column":30},"end":{"line":19,"column":48}},{"start":{"line":19,"column":52},"end":{"line":19,"column":67}},{"start":{"line":19,"column":71},"end":{"line":19,"column":84}}],"line":19},"3":{"loc":{"start":{"line":23,"column":2},"end":{"line":25,"column":3}},"type":"if","locations":[{"start":{"line":23,"column":2},"end":{"line":25,"column":3}},{"start":{"line":23,"column":2},"end":{"line":25,"column":3}}],"line":23},"4":{"loc":{"start":{"line":23,"column":6},"end":{"line":23,"column":31}},"type":"binary-expr","locations":[{"start":{"line":23,"column":6},"end":{"line":23,"column":16}},{"start":{"line":23,"column":20},"end":{"line":23,"column":31}}],"line":23},"5":{"loc":{"start":{"line":27,"column":2},"end":{"line":29,"column":3}},"type":"if","locations":[{"start":{"line":27,"column":2},"end":{"line":29,"column":3}},{"start":{"line":27,"column":2},"end":{"line":29,"column":3}}],"line":27},"6":{"loc":{"start":{"line":27,"column":6},"end":{"line":27,"column":26}},"type":"binary-expr","locations":[{"start":{"line":27,"column":6},"end":{"line":27,"column":14}},{"start":{"line":27,"column":18},"end":{"line":27,"column":26}}],"line":27},"7":{"loc":{"start":{"line":31,"column":16},"end":{"line":31,"column":54}},"type":"binary-expr","locations":[{"start":{"line":31,"column":16},"end":{"line":31,"column":44}},{"start":{"line":31,"column":48},"end":{"line":31,"column":54}}],"line":31}},"s":{"0":4,"1":4,"2":753,"3":0,"4":4,"5":4,"6":753,"7":753,"8":1,"9":752,"10":3,"11":749,"12":0,"13":749,"14":749,"15":4,"16":4},"f":{"0":753,"1":753},"b":{"0":[0,753],"1":[1,752],"2":[753,752,752,752],"3":[3,749],"4":[752,750],"5":[0,749],"6":[749,749],"7":[749,581]},"_coverageSchema":"1a1c01bbd47fc00a2c39e90264f33305004495a9","hash":"a31b200e0bfd7bda9faec97187423dc2bea8c4f5"}
,"/home/cedric/Documents/projects/fokken/fokken-service/dist/game/deck.js": {"path":"/home/cedric/Documents/projects/fokken/fokken-service/dist/game/deck.js","statementMap":{"0":{"start":{"line":3,"column":0},"end":{"line":5,"column":3}},"1":{"start":{"line":6,"column":0},"end":{"line":6,"column":28}},"2":{"start":{"line":8,"column":12},"end":{"line":8,"column":53}},"3":{"start":{"line":10,"column":39},"end":{"line":10,"column":95}},"4":{"start":{"line":12,"column":35},"end":{"line":12,"column":151}},"5":{"start":{"line":14,"column":32},"end":{"line":14,"column":188}},"6":{"start":{"line":16,"column":50},"end":{"line":16,"column":65}},"7":{"start":{"line":16,"column":58},"end":{"line":16,"column":65}},"8":{"start":{"line":16,"column":66},"end":{"line":16,"column":129}},"9":{"start":{"line":16,"column":93},"end":{"line":16,"column":129}},"10":{"start":{"line":16,"column":138},"end":{"line":16,"column":184}},"11":{"start":{"line":16,"column":186},"end":{"line":16,"column":246}},"12":{"start":{"line":16,"column":223},"end":{"line":16,"column":246}},"13":{"start":{"line":16,"column":247},"end":{"line":16,"column":300}},"14":{"start":{"line":16,"column":279},"end":{"line":16,"column":300}},"15":{"start":{"line":16,"column":301},"end":{"line":16,"column":414}},"16":{"start":{"line":16,"column":378},"end":{"line":16,"column":414}},"17":{"start":{"line":18,"column":34},"end":{"line":18,"column":128}},"18":{"start":{"line":18,"column":104},"end":{"line":18,"column":128}},"19":{"start":{"line":20,"column":35},"end":{"line":20,"column":89}},"20":{"start":{"line":20,"column":59},"end":{"line":20,"column":89}},"21":{"start":{"line":22,"column":39},"end":{"line":22,"column":93}},"22":{"start":{"line":22,"column":76},"end":{"line":22,"column":93}},"23":{"start":{"line":22,"column":94},"end":{"line":22,"column":168}},"24":{"start":{"line":22,"column":107},"end":{"line":22,"column":108}},"25":{"start":{"line":22,"column":117},"end":{"line":22,"column":131}},"26":{"start":{"line":22,"column":149},"end":{"line":22,"column":166}},"27":{"start":{"line":22,"column":169},"end":{"line":22,"column":181}},"28":{"start":{"line":24,"column":50},"end":{"line":24,"column":151}},"29":{"start":{"line":24,"column":92},"end":{"line":24,"column":149}},"30":{"start":{"line":26,"column":44},"end":{"line":26,"column":315}},"31":{"start":{"line":26,"column":57},"end":{"line":26,"column":58}},"32":{"start":{"line":26,"column":102},"end":{"line":26,"column":110}},"33":{"start":{"line":26,"column":112},"end":{"line":26,"column":167}},"34":{"start":{"line":26,"column":168},"end":{"line":26,"column":199}},"35":{"start":{"line":26,"column":200},"end":{"line":26,"column":254}},"36":{"start":{"line":26,"column":227},"end":{"line":26,"column":254}},"37":{"start":{"line":26,"column":255},"end":{"line":26,"column":313}},"38":{"start":{"line":28,"column":62},"end":{"line":28,"column":131}},"39":{"start":{"line":28,"column":78},"end":{"line":28,"column":131}},"40":{"start":{"line":28,"column":132},"end":{"line":28,"column":193}},"41":{"start":{"line":28,"column":149},"end":{"line":28,"column":193}},"42":{"start":{"line":28,"column":194},"end":{"line":28,"column":213}},"43":{"start":{"line":30,"column":24},"end":{"line":78,"column":3}},"44":{"start":{"line":32,"column":4},"end":{"line":32,"column":32}},"45":{"start":{"line":34,"column":16},"end":{"line":38,"column":13}},"46":{"start":{"line":35,"column":6},"end":{"line":37,"column":10}},"47":{"start":{"line":36,"column":8},"end":{"line":36,"column":54}},"48":{"start":{"line":39,"column":4},"end":{"line":39,"column":37}},"49":{"start":{"line":43,"column":2},"end":{"line":75,"column":6}},"50":{"start":{"line":46,"column":14},"end":{"line":46,"column":26}},"51":{"start":{"line":50,"column":6},"end":{"line":57,"column":7}},"52":{"start":{"line":52,"column":8},"end":{"line":52,"column":44}},"53":{"start":{"line":54,"column":8},"end":{"line":54,"column":21}},"54":{"start":{"line":55,"column":8},"end":{"line":55,"column":28}},"55":{"start":{"line":56,"column":8},"end":{"line":56,"column":21}},"56":{"start":{"line":59,"column":6},"end":{"line":59,"column":19}},"57":{"start":{"line":64,"column":6},"end":{"line":64,"column":31}},"58":{"start":{"line":69,"column":6},"end":{"line":71,"column":7}},"59":{"start":{"line":70,"column":8},"end":{"line":70,"column":34}},"60":{"start":{"line":73,"column":6},"end":{"line":73,"column":42}},"61":{"start":{"line":77,"column":2},"end":{"line":77,"column":14}},"62":{"start":{"line":80,"column":15},"end":{"line":80,"column":19}},"63":{"start":{"line":81,"column":0},"end":{"line":81,"column":30}}},"fnMap":{"0":{"name":"_interopRequireDefault","decl":{"start":{"line":10,"column":9},"end":{"line":10,"column":31}},"loc":{"start":{"line":10,"column":37},"end":{"line":10,"column":97}},"line":10},"1":{"name":"_toConsumableArray","decl":{"start":{"line":12,"column":9},"end":{"line":12,"column":27}},"loc":{"start":{"line":12,"column":33},"end":{"line":12,"column":153}},"line":12},"2":{"name":"_nonIterableSpread","decl":{"start":{"line":14,"column":9},"end":{"line":14,"column":27}},"loc":{"start":{"line":14,"column":30},"end":{"line":14,"column":190}},"line":14},"3":{"name":"_unsupportedIterableToArray","decl":{"start":{"line":16,"column":9},"end":{"line":16,"column":36}},"loc":{"start":{"line":16,"column":48},"end":{"line":16,"column":416}},"line":16},"4":{"name":"_iterableToArray","decl":{"start":{"line":18,"column":9},"end":{"line":18,"column":25}},"loc":{"start":{"line":18,"column":32},"end":{"line":18,"column":130}},"line":18},"5":{"name":"_arrayWithoutHoles","decl":{"start":{"line":20,"column":9},"end":{"line":20,"column":27}},"loc":{"start":{"line":20,"column":33},"end":{"line":20,"column":91}},"line":20},"6":{"name":"_arrayLikeToArray","decl":{"start":{"line":22,"column":9},"end":{"line":22,"column":26}},"loc":{"start":{"line":22,"column":37},"end":{"line":22,"column":183}},"line":22},"7":{"name":"_classCallCheck","decl":{"start":{"line":24,"column":9},"end":{"line":24,"column":24}},"loc":{"start":{"line":24,"column":48},"end":{"line":24,"column":153}},"line":24},"8":{"name":"_defineProperties","decl":{"start":{"line":26,"column":9},"end":{"line":26,"column":26}},"loc":{"start":{"line":26,"column":42},"end":{"line":26,"column":317}},"line":26},"9":{"name":"_createClass","decl":{"start":{"line":28,"column":9},"end":{"line":28,"column":21}},"loc":{"start":{"line":28,"column":60},"end":{"line":28,"column":215}},"line":28},"10":{"name":"(anonymous_10)","decl":{"start":{"line":30,"column":24},"end":{"line":30,"column":25}},"loc":{"start":{"line":30,"column":36},"end":{"line":78,"column":1}},"line":30},"11":{"name":"Deck","decl":{"start":{"line":31,"column":11},"end":{"line":31,"column":15}},"loc":{"start":{"line":31,"column":18},"end":{"line":40,"column":3}},"line":31},"12":{"name":"(anonymous_12)","decl":{"start":{"line":34,"column":37},"end":{"line":34,"column":38}},"loc":{"start":{"line":34,"column":56},"end":{"line":38,"column":5}},"line":34},"13":{"name":"(anonymous_13)","decl":{"start":{"line":35,"column":54},"end":{"line":35,"column":55}},"loc":{"start":{"line":35,"column":75},"end":{"line":37,"column":7}},"line":35},"14":{"name":"shuffle","decl":{"start":{"line":45,"column":20},"end":{"line":45,"column":27}},"loc":{"start":{"line":45,"column":35},"end":{"line":60,"column":5}},"line":45},"15":{"name":"size","decl":{"start":{"line":63,"column":20},"end":{"line":63,"column":24}},"loc":{"start":{"line":63,"column":27},"end":{"line":65,"column":5}},"line":63},"16":{"name":"popCards","decl":{"start":{"line":68,"column":20},"end":{"line":68,"column":28}},"loc":{"start":{"line":68,"column":37},"end":{"line":74,"column":5}},"line":68}},"branchMap":{"0":{"loc":{"start":{"line":10,"column":46},"end":{"line":10,"column":94}},"type":"cond-expr","locations":[{"start":{"line":10,"column":70},"end":{"line":10,"column":73}},{"start":{"line":10,"column":76},"end":{"line":10,"column":94}}],"line":10},"1":{"loc":{"start":{"line":10,"column":46},"end":{"line":10,"column":67}},"type":"binary-expr","locations":[{"start":{"line":10,"column":46},"end":{"line":10,"column":49}},{"start":{"line":10,"column":53},"end":{"line":10,"column":67}}],"line":10},"2":{"loc":{"start":{"line":12,"column":42},"end":{"line":12,"column":150}},"type":"binary-expr","locations":[{"start":{"line":12,"column":42},"end":{"line":12,"column":65}},{"start":{"line":12,"column":69},"end":{"line":12,"column":90}},{"start":{"line":12,"column":94},"end":{"line":12,"column":126}},{"start":{"line":12,"column":130},"end":{"line":12,"column":150}}],"line":12},"3":{"loc":{"start":{"line":16,"column":50},"end":{"line":16,"column":65}},"type":"if","locations":[{"start":{"line":16,"column":50},"end":{"line":16,"column":65}},{"start":{"line":16,"column":50},"end":{"line":16,"column":65}}],"line":16},"4":{"loc":{"start":{"line":16,"column":66},"end":{"line":16,"column":129}},"type":"if","locations":[{"start":{"line":16,"column":66},"end":{"line":16,"column":129}},{"start":{"line":16,"column":66},"end":{"line":16,"column":129}}],"line":16},"5":{"loc":{"start":{"line":16,"column":186},"end":{"line":16,"column":246}},"type":"if","locations":[{"start":{"line":16,"column":186},"end":{"line":16,"column":246}},{"start":{"line":16,"column":186},"end":{"line":16,"column":246}}],"line":16},"6":{"loc":{"start":{"line":16,"column":190},"end":{"line":16,"column":221}},"type":"binary-expr","locations":[{"start":{"line":16,"column":190},"end":{"line":16,"column":204}},{"start":{"line":16,"column":208},"end":{"line":16,"column":221}}],"line":16},"7":{"loc":{"start":{"line":16,"column":247},"end":{"line":16,"column":300}},"type":"if","locations":[{"start":{"line":16,"column":247},"end":{"line":16,"column":300}},{"start":{"line":16,"column":247},"end":{"line":16,"column":300}}],"line":16},"8":{"loc":{"start":{"line":16,"column":251},"end":{"line":16,"column":277}},"type":"binary-expr","locations":[{"start":{"line":16,"column":251},"end":{"line":16,"column":262}},{"start":{"line":16,"column":266},"end":{"line":16,"column":277}}],"line":16},"9":{"loc":{"start":{"line":16,"column":301},"end":{"line":16,"column":414}},"type":"if","locations":[{"start":{"line":16,"column":301},"end":{"line":16,"column":414}},{"start":{"line":16,"column":301},"end":{"line":16,"column":414}}],"line":16},"10":{"loc":{"start":{"line":16,"column":305},"end":{"line":16,"column":376}},"type":"binary-expr","locations":[{"start":{"line":16,"column":305},"end":{"line":16,"column":322}},{"start":{"line":16,"column":326},"end":{"line":16,"column":376}}],"line":16},"11":{"loc":{"start":{"line":18,"column":34},"end":{"line":18,"column":128}},"type":"if","locations":[{"start":{"line":18,"column":34},"end":{"line":18,"column":128}},{"start":{"line":18,"column":34},"end":{"line":18,"column":128}}],"line":18},"12":{"loc":{"start":{"line":18,"column":38},"end":{"line":18,"column":102}},"type":"binary-expr","locations":[{"start":{"line":18,"column":38},"end":{"line":18,"column":67}},{"start":{"line":18,"column":71},"end":{"line":18,"column":102}}],"line":18},"13":{"loc":{"start":{"line":20,"column":35},"end":{"line":20,"column":89}},"type":"if","locations":[{"start":{"line":20,"column":35},"end":{"line":20,"column":89}},{"start":{"line":20,"column":35},"end":{"line":20,"column":89}}],"line":20},"14":{"loc":{"start":{"line":22,"column":39},"end":{"line":22,"column":93}},"type":"if","locations":[{"start":{"line":22,"column":39},"end":{"line":22,"column":93}},{"start":{"line":22,"column":39},"end":{"line":22,"column":93}}],"line":22},"15":{"loc":{"start":{"line":22,"column":43},"end":{"line":22,"column":74}},"type":"binary-expr","locations":[{"start":{"line":22,"column":43},"end":{"line":22,"column":54}},{"start":{"line":22,"column":58},"end":{"line":22,"column":74}}],"line":22},"16":{"loc":{"start":{"line":24,"column":50},"end":{"line":24,"column":151}},"type":"if","locations":[{"start":{"line":24,"column":50},"end":{"line":24,"column":151}},{"start":{"line":24,"column":50},"end":{"line":24,"column":151}}],"line":24},"17":{"loc":{"start":{"line":26,"column":136},"end":{"line":26,"column":166}},"type":"binary-expr","locations":[{"start":{"line":26,"column":136},"end":{"line":26,"column":157}},{"start":{"line":26,"column":161},"end":{"line":26,"column":166}}],"line":26},"18":{"loc":{"start":{"line":26,"column":200},"end":{"line":26,"column":254}},"type":"if","locations":[{"start":{"line":26,"column":200},"end":{"line":26,"column":254}},{"start":{"line":26,"column":200},"end":{"line":26,"column":254}}],"line":26},"19":{"loc":{"start":{"line":28,"column":62},"end":{"line":28,"column":131}},"type":"if","locations":[{"start":{"line":28,"column":62},"end":{"line":28,"column":131}},{"start":{"line":28,"column":62},"end":{"line":28,"column":131}}],"line":28},"20":{"loc":{"start":{"line":28,"column":132},"end":{"line":28,"column":193}},"type":"if","locations":[{"start":{"line":28,"column":132},"end":{"line":28,"column":193}},{"start":{"line":28,"column":132},"end":{"line":28,"column":193}}],"line":28},"21":{"loc":{"start":{"line":69,"column":6},"end":{"line":71,"column":7}},"type":"if","locations":[{"start":{"line":69,"column":6},"end":{"line":71,"column":7}},{"start":{"line":69,"column":6},"end":{"line":71,"column":7}}],"line":69}},"s":{"0":2,"1":2,"2":2,"3":2,"4":56,"5":0,"6":0,"7":0,"8":0,"9":0,"10":0,"11":0,"12":0,"13":0,"14":0,"15":0,"16":0,"17":0,"18":0,"19":56,"20":56,"21":56,"22":56,"23":56,"24":56,"25":56,"26":728,"27":56,"28":14,"29":0,"30":2,"31":2,"32":6,"33":6,"34":6,"35":6,"36":6,"37":6,"38":2,"39":2,"40":2,"41":0,"42":2,"43":2,"44":14,"45":14,"46":56,"47":728,"48":14,"49":2,"50":14,"51":14,"52":728,"53":728,"54":728,"55":728,"56":14,"57":0,"58":50,"59":1,"60":49,"61":2,"62":2,"63":2},"f":{"0":2,"1":56,"2":0,"3":0,"4":0,"5":56,"6":56,"7":14,"8":2,"9":2,"10":2,"11":14,"12":56,"13":728,"14":14,"15":0,"16":50},"b":{"0":[2,0],"1":[2,2],"2":[56,0,0,0],"3":[0,0],"4":[0,0],"5":[0,0],"6":[0,0],"7":[0,0],"8":[0,0],"9":[0,0],"10":[0,0],"11":[0,0],"12":[0,0],"13":[56,0],"14":[56,0],"15":[56,0],"16":[0,14],"17":[6,6],"18":[6,0],"19":[2,0],"20":[0,2],"21":[1,49]},"_coverageSchema":"1a1c01bbd47fc00a2c39e90264f33305004495a9","hash":"719da9f2d5558136bbf19457b8bc46ef74a4c8d1"}
,"/home/cedric/Documents/projects/fokken/fokken-service/dist/game/game.js": {"path":"/home/cedric/Documents/projects/fokken/fokken-service/dist/game/game.js","statementMap":{"0":{"start":{"line":3,"column":0},"end":{"line":5,"column":3}},"1":{"start":{"line":6,"column":0},"end":{"line":6,"column":28}},"2":{"start":{"line":8,"column":12},"end":{"line":8,"column":53}},"3":{"start":{"line":10,"column":39},"end":{"line":10,"column":95}},"4":{"start":{"line":12,"column":34},"end":{"line":12,"column":156}},"5":{"start":{"line":14,"column":30},"end":{"line":14,"column":191}},"6":{"start":{"line":16,"column":41},"end":{"line":16,"column":120}},"7":{"start":{"line":16,"column":113},"end":{"line":16,"column":120}},"8":{"start":{"line":16,"column":132},"end":{"line":16,"column":134}},"9":{"start":{"line":16,"column":145},"end":{"line":16,"column":149}},"10":{"start":{"line":16,"column":160},"end":{"line":16,"column":165}},"11":{"start":{"line":16,"column":176},"end":{"line":16,"column":185}},"12":{"start":{"line":16,"column":187},"end":{"line":16,"column":474}},"13":{"start":{"line":16,"column":193},"end":{"line":16,"column":336}},"14":{"start":{"line":16,"column":207},"end":{"line":16,"column":229}},"15":{"start":{"line":16,"column":279},"end":{"line":16,"column":299}},"16":{"start":{"line":16,"column":300},"end":{"line":16,"column":334}},"17":{"start":{"line":16,"column":328},"end":{"line":16,"column":334}},"18":{"start":{"line":16,"column":353},"end":{"line":16,"column":363}},"19":{"start":{"line":16,"column":364},"end":{"line":16,"column":373}},"20":{"start":{"line":16,"column":386},"end":{"line":16,"column":472}},"21":{"start":{"line":16,"column":392},"end":{"line":16,"column":440}},"22":{"start":{"line":16,"column":425},"end":{"line":16,"column":440}},"23":{"start":{"line":16,"column":453},"end":{"line":16,"column":470}},"24":{"start":{"line":16,"column":461},"end":{"line":16,"column":470}},"25":{"start":{"line":16,"column":475},"end":{"line":16,"column":487}},"26":{"start":{"line":18,"column":32},"end":{"line":18,"column":67}},"27":{"start":{"line":18,"column":56},"end":{"line":18,"column":67}},"28":{"start":{"line":20,"column":54},"end":{"line":20,"column":84}},"29":{"start":{"line":20,"column":74},"end":{"line":20,"column":84}},"30":{"start":{"line":20,"column":98},"end":{"line":20,"column":145}},"31":{"start":{"line":20,"column":159},"end":{"line":20,"column":475}},"32":{"start":{"line":20,"column":218},"end":{"line":20,"column":254}},"33":{"start":{"line":20,"column":256},"end":{"line":20,"column":473}},"34":{"start":{"line":20,"column":304},"end":{"line":20,"column":330}},"35":{"start":{"line":20,"column":331},"end":{"line":20,"column":372}},"36":{"start":{"line":20,"column":363},"end":{"line":20,"column":372}},"37":{"start":{"line":20,"column":373},"end":{"line":20,"column":444}},"38":{"start":{"line":20,"column":435},"end":{"line":20,"column":444}},"39":{"start":{"line":20,"column":445},"end":{"line":20,"column":471}},"40":{"start":{"line":20,"column":476},"end":{"line":20,"column":490}},"41":{"start":{"line":22,"column":59},"end":{"line":22,"column":89}},"42":{"start":{"line":22,"column":79},"end":{"line":22,"column":89}},"43":{"start":{"line":22,"column":103},"end":{"line":22,"column":105}},"44":{"start":{"line":22,"column":124},"end":{"line":22,"column":143}},"45":{"start":{"line":22,"column":157},"end":{"line":22,"column":290}},"46":{"start":{"line":22,"column":199},"end":{"line":22,"column":219}},"47":{"start":{"line":22,"column":220},"end":{"line":22,"column":261}},"48":{"start":{"line":22,"column":252},"end":{"line":22,"column":261}},"49":{"start":{"line":22,"column":262},"end":{"line":22,"column":288}},"50":{"start":{"line":22,"column":291},"end":{"line":22,"column":305}},"51":{"start":{"line":24,"column":35},"end":{"line":24,"column":151}},"52":{"start":{"line":26,"column":32},"end":{"line":26,"column":188}},"53":{"start":{"line":28,"column":50},"end":{"line":28,"column":65}},"54":{"start":{"line":28,"column":58},"end":{"line":28,"column":65}},"55":{"start":{"line":28,"column":66},"end":{"line":28,"column":129}},"56":{"start":{"line":28,"column":93},"end":{"line":28,"column":129}},"57":{"start":{"line":28,"column":138},"end":{"line":28,"column":184}},"58":{"start":{"line":28,"column":186},"end":{"line":28,"column":246}},"59":{"start":{"line":28,"column":223},"end":{"line":28,"column":246}},"60":{"start":{"line":28,"column":247},"end":{"line":28,"column":300}},"61":{"start":{"line":28,"column":279},"end":{"line":28,"column":300}},"62":{"start":{"line":28,"column":301},"end":{"line":28,"column":414}},"63":{"start":{"line":28,"column":378},"end":{"line":28,"column":414}},"64":{"start":{"line":30,"column":34},"end":{"line":30,"column":128}},"65":{"start":{"line":30,"column":104},"end":{"line":30,"column":128}},"66":{"start":{"line":32,"column":35},"end":{"line":32,"column":89}},"67":{"start":{"line":32,"column":59},"end":{"line":32,"column":89}},"68":{"start":{"line":34,"column":39},"end":{"line":34,"column":93}},"69":{"start":{"line":34,"column":76},"end":{"line":34,"column":93}},"70":{"start":{"line":34,"column":94},"end":{"line":34,"column":168}},"71":{"start":{"line":34,"column":107},"end":{"line":34,"column":108}},"72":{"start":{"line":34,"column":117},"end":{"line":34,"column":131}},"73":{"start":{"line":34,"column":149},"end":{"line":34,"column":166}},"74":{"start":{"line":34,"column":169},"end":{"line":34,"column":181}},"75":{"start":{"line":36,"column":50},"end":{"line":36,"column":151}},"76":{"start":{"line":36,"column":92},"end":{"line":36,"column":149}},"77":{"start":{"line":38,"column":44},"end":{"line":38,"column":315}},"78":{"start":{"line":38,"column":57},"end":{"line":38,"column":58}},"79":{"start":{"line":38,"column":102},"end":{"line":38,"column":110}},"80":{"start":{"line":38,"column":112},"end":{"line":38,"column":167}},"81":{"start":{"line":38,"column":168},"end":{"line":38,"column":199}},"82":{"start":{"line":38,"column":200},"end":{"line":38,"column":254}},"83":{"start":{"line":38,"column":227},"end":{"line":38,"column":254}},"84":{"start":{"line":38,"column":255},"end":{"line":38,"column":313}},"85":{"start":{"line":40,"column":62},"end":{"line":40,"column":131}},"86":{"start":{"line":40,"column":78},"end":{"line":40,"column":131}},"87":{"start":{"line":40,"column":132},"end":{"line":40,"column":193}},"88":{"start":{"line":40,"column":149},"end":{"line":40,"column":193}},"89":{"start":{"line":40,"column":194},"end":{"line":40,"column":213}},"90":{"start":{"line":42,"column":24},"end":{"line":180,"column":3}},"91":{"start":{"line":44,"column":4},"end":{"line":44,"column":32}},"92":{"start":{"line":46,"column":4},"end":{"line":46,"column":25}},"93":{"start":{"line":47,"column":4},"end":{"line":47,"column":32}},"94":{"start":{"line":48,"column":4},"end":{"line":48,"column":39}},"95":{"start":{"line":49,"column":4},"end":{"line":49,"column":32}},"96":{"start":{"line":50,"column":4},"end":{"line":50,"column":21}},"97":{"start":{"line":53,"column":2},"end":{"line":177,"column":6}},"98":{"start":{"line":56,"column":6},"end":{"line":59,"column":9}},"99":{"start":{"line":57,"column":17},"end":{"line":57,"column":24}},"100":{"start":{"line":58,"column":8},"end":{"line":58,"column":31}},"101":{"start":{"line":64,"column":6},"end":{"line":69,"column":7}},"102":{"start":{"line":65,"column":17},"end":{"line":65,"column":25}},"103":{"start":{"line":66,"column":8},"end":{"line":66,"column":32}},"104":{"start":{"line":68,"column":8},"end":{"line":68,"column":77}},"105":{"start":{"line":74,"column":26},"end":{"line":77,"column":8}},"106":{"start":{"line":75,"column":17},"end":{"line":75,"column":25}},"107":{"start":{"line":76,"column":8},"end":{"line":76,"column":31}},"108":{"start":{"line":78,"column":6},"end":{"line":78,"column":54}},"109":{"start":{"line":83,"column":26},"end":{"line":86,"column":8}},"110":{"start":{"line":84,"column":17},"end":{"line":84,"column":25}},"111":{"start":{"line":85,"column":8},"end":{"line":85,"column":31}},"112":{"start":{"line":87,"column":6},"end":{"line":87,"column":51}},"113":{"start":{"line":92,"column":6},"end":{"line":99,"column":9}},"114":{"start":{"line":93,"column":21},"end":{"line":93,"column":33}},"115":{"start":{"line":94,"column":19},"end":{"line":94,"column":29}},"116":{"start":{"line":95,"column":20},"end":{"line":95,"column":31}},"117":{"start":{"line":96,"column":24},"end":{"line":96,"column":84}},"118":{"start":{"line":98,"column":8},"end":{"line":98,"column":25}},"119":{"start":{"line":109,"column":29},"end":{"line":117,"column":9}},"120":{"start":{"line":110,"column":19},"end":{"line":110,"column":29}},"121":{"start":{"line":111,"column":20},"end":{"line":111,"column":31}},"122":{"start":{"line":112,"column":17},"end":{"line":112,"column":25}},"123":{"start":{"line":113,"column":8},"end":{"line":116,"column":11}},"124":{"start":{"line":118,"column":6},"end":{"line":131,"column":11}},"125":{"start":{"line":119,"column":20},"end":{"line":119,"column":44}},"126":{"start":{"line":120,"column":17},"end":{"line":120,"column":25}},"127":{"start":{"line":121,"column":21},"end":{"line":121,"column":29}},"128":{"start":{"line":122,"column":19},"end":{"line":122,"column":30}},"129":{"start":{"line":123,"column":20},"end":{"line":123,"column":32}},"130":{"start":{"line":125,"column":8},"end":{"line":130,"column":11}},"131":{"start":{"line":128,"column":12},"end":{"line":128,"column":41}},"132":{"start":{"line":142,"column":18},"end":{"line":142,"column":22}},"133":{"start":{"line":145,"column":6},"end":{"line":145,"column":89}},"134":{"start":{"line":148,"column":18},"end":{"line":156,"column":9}},"135":{"start":{"line":149,"column":17},"end":{"line":149,"column":25}},"136":{"start":{"line":150,"column":8},"end":{"line":155,"column":11}},"137":{"start":{"line":153,"column":12},"end":{"line":153,"column":42}},"138":{"start":{"line":158,"column":6},"end":{"line":162,"column":9}},"139":{"start":{"line":159,"column":17},"end":{"line":159,"column":26}},"140":{"start":{"line":160,"column":8},"end":{"line":160,"column":47}},"141":{"start":{"line":161,"column":8},"end":{"line":161,"column":49}},"142":{"start":{"line":163,"column":6},"end":{"line":163,"column":19}},"143":{"start":{"line":168,"column":19},"end":{"line":168,"column":23}},"144":{"start":{"line":170,"column":25},"end":{"line":173,"column":35}},"145":{"start":{"line":171,"column":17},"end":{"line":171,"column":26}},"146":{"start":{"line":172,"column":8},"end":{"line":172,"column":34}},"147":{"start":{"line":174,"column":6},"end":{"line":174,"column":48}},"148":{"start":{"line":175,"column":6},"end":{"line":175,"column":43}},"149":{"start":{"line":179,"column":2},"end":{"line":179,"column":14}},"150":{"start":{"line":182,"column":15},"end":{"line":182,"column":19}},"151":{"start":{"line":183,"column":0},"end":{"line":183,"column":30}}},"fnMap":{"0":{"name":"_interopRequireDefault","decl":{"start":{"line":10,"column":9},"end":{"line":10,"column":31}},"loc":{"start":{"line":10,"column":37},"end":{"line":10,"column":97}},"line":10},"1":{"name":"_slicedToArray","decl":{"start":{"line":12,"column":9},"end":{"line":12,"column":23}},"loc":{"start":{"line":12,"column":32},"end":{"line":12,"column":158}},"line":12},"2":{"name":"_nonIterableRest","decl":{"start":{"line":14,"column":9},"end":{"line":14,"column":25}},"loc":{"start":{"line":14,"column":28},"end":{"line":14,"column":193}},"line":14},"3":{"name":"_iterableToArrayLimit","decl":{"start":{"line":16,"column":9},"end":{"line":16,"column":30}},"loc":{"start":{"line":16,"column":39},"end":{"line":16,"column":489}},"line":16},"4":{"name":"_arrayWithHoles","decl":{"start":{"line":18,"column":9},"end":{"line":18,"column":24}},"loc":{"start":{"line":18,"column":30},"end":{"line":18,"column":69}},"line":18},"5":{"name":"_objectWithoutProperties","decl":{"start":{"line":20,"column":9},"end":{"line":20,"column":33}},"loc":{"start":{"line":20,"column":52},"end":{"line":20,"column":492}},"line":20},"6":{"name":"_objectWithoutPropertiesLoose","decl":{"start":{"line":22,"column":9},"end":{"line":22,"column":38}},"loc":{"start":{"line":22,"column":57},"end":{"line":22,"column":307}},"line":22},"7":{"name":"_toConsumableArray","decl":{"start":{"line":24,"column":9},"end":{"line":24,"column":27}},"loc":{"start":{"line":24,"column":33},"end":{"line":24,"column":153}},"line":24},"8":{"name":"_nonIterableSpread","decl":{"start":{"line":26,"column":9},"end":{"line":26,"column":27}},"loc":{"start":{"line":26,"column":30},"end":{"line":26,"column":190}},"line":26},"9":{"name":"_unsupportedIterableToArray","decl":{"start":{"line":28,"column":9},"end":{"line":28,"column":36}},"loc":{"start":{"line":28,"column":48},"end":{"line":28,"column":416}},"line":28},"10":{"name":"_iterableToArray","decl":{"start":{"line":30,"column":9},"end":{"line":30,"column":25}},"loc":{"start":{"line":30,"column":32},"end":{"line":30,"column":130}},"line":30},"11":{"name":"_arrayWithoutHoles","decl":{"start":{"line":32,"column":9},"end":{"line":32,"column":27}},"loc":{"start":{"line":32,"column":33},"end":{"line":32,"column":91}},"line":32},"12":{"name":"_arrayLikeToArray","decl":{"start":{"line":34,"column":9},"end":{"line":34,"column":26}},"loc":{"start":{"line":34,"column":37},"end":{"line":34,"column":183}},"line":34},"13":{"name":"_classCallCheck","decl":{"start":{"line":36,"column":9},"end":{"line":36,"column":24}},"loc":{"start":{"line":36,"column":48},"end":{"line":36,"column":153}},"line":36},"14":{"name":"_defineProperties","decl":{"start":{"line":38,"column":9},"end":{"line":38,"column":26}},"loc":{"start":{"line":38,"column":42},"end":{"line":38,"column":317}},"line":38},"15":{"name":"_createClass","decl":{"start":{"line":40,"column":9},"end":{"line":40,"column":21}},"loc":{"start":{"line":40,"column":60},"end":{"line":40,"column":215}},"line":40},"16":{"name":"(anonymous_16)","decl":{"start":{"line":42,"column":24},"end":{"line":42,"column":25}},"loc":{"start":{"line":42,"column":36},"end":{"line":180,"column":1}},"line":42},"17":{"name":"Game","decl":{"start":{"line":43,"column":11},"end":{"line":43,"column":15}},"loc":{"start":{"line":43,"column":36},"end":{"line":51,"column":3}},"line":43},"18":{"name":"getPlayer","decl":{"start":{"line":55,"column":20},"end":{"line":55,"column":29}},"loc":{"start":{"line":55,"column":40},"end":{"line":60,"column":5}},"line":55},"19":{"name":"(anonymous_19)","decl":{"start":{"line":56,"column":31},"end":{"line":56,"column":32}},"loc":{"start":{"line":56,"column":47},"end":{"line":59,"column":7}},"line":56},"20":{"name":"addPlayer","decl":{"start":{"line":63,"column":20},"end":{"line":63,"column":29}},"loc":{"start":{"line":63,"column":38},"end":{"line":70,"column":5}},"line":63},"21":{"name":"(anonymous_21)","decl":{"start":{"line":64,"column":29},"end":{"line":64,"column":30}},"loc":{"start":{"line":64,"column":46},"end":{"line":67,"column":7}},"line":64},"22":{"name":"addCardToPlayer","decl":{"start":{"line":73,"column":20},"end":{"line":73,"column":35}},"loc":{"start":{"line":73,"column":52},"end":{"line":79,"column":5}},"line":73},"23":{"name":"(anonymous_23)","decl":{"start":{"line":74,"column":49},"end":{"line":74,"column":50}},"loc":{"start":{"line":74,"column":66},"end":{"line":77,"column":7}},"line":74},"24":{"name":"removeCardFromPlayer","decl":{"start":{"line":82,"column":20},"end":{"line":82,"column":40}},"loc":{"start":{"line":82,"column":57},"end":{"line":88,"column":5}},"line":82},"25":{"name":"(anonymous_25)","decl":{"start":{"line":83,"column":49},"end":{"line":83,"column":50}},"loc":{"start":{"line":83,"column":66},"end":{"line":86,"column":7}},"line":83},"26":{"name":"getPlayerOrder","decl":{"start":{"line":91,"column":20},"end":{"line":91,"column":34}},"loc":{"start":{"line":91,"column":37},"end":{"line":100,"column":5}},"line":91},"27":{"name":"(anonymous_27)","decl":{"start":{"line":92,"column":30},"end":{"line":92,"column":31}},"loc":{"start":{"line":92,"column":47},"end":{"line":99,"column":7}},"line":92},"28":{"name":"getPlayerView","decl":{"start":{"line":108,"column":20},"end":{"line":108,"column":33}},"loc":{"start":{"line":108,"column":44},"end":{"line":132,"column":5}},"line":108},"29":{"name":"(anonymous_29)","decl":{"start":{"line":109,"column":65},"end":{"line":109,"column":66}},"loc":{"start":{"line":109,"column":82},"end":{"line":117,"column":7}},"line":109},"30":{"name":"(anonymous_30)","decl":{"start":{"line":118,"column":88},"end":{"line":118,"column":89}},"loc":{"start":{"line":118,"column":105},"end":{"line":131,"column":7}},"line":118},"31":{"name":"(anonymous_31)","decl":{"start":{"line":127,"column":53},"end":{"line":127,"column":54}},"loc":{"start":{"line":127,"column":70},"end":{"line":129,"column":11}},"line":127},"32":{"name":"divideCards","decl":{"start":{"line":141,"column":20},"end":{"line":141,"column":31}},"loc":{"start":{"line":141,"column":34},"end":{"line":164,"column":5}},"line":141},"33":{"name":"(anonymous_33)","decl":{"start":{"line":148,"column":54},"end":{"line":148,"column":55}},"loc":{"start":{"line":148,"column":71},"end":{"line":156,"column":7}},"line":148},"34":{"name":"(anonymous_34)","decl":{"start":{"line":152,"column":38},"end":{"line":152,"column":39}},"loc":{"start":{"line":152,"column":50},"end":{"line":154,"column":11}},"line":152},"35":{"name":"(anonymous_35)","decl":{"start":{"line":158,"column":27},"end":{"line":158,"column":28}},"loc":{"start":{"line":158,"column":48},"end":{"line":162,"column":7}},"line":158},"36":{"name":"setNextTurn","decl":{"start":{"line":167,"column":20},"end":{"line":167,"column":31}},"loc":{"start":{"line":167,"column":34},"end":{"line":176,"column":5}},"line":167},"37":{"name":"(anonymous_37)","decl":{"start":{"line":170,"column":49},"end":{"line":170,"column":50}},"loc":{"start":{"line":170,"column":67},"end":{"line":173,"column":7}},"line":170}},"branchMap":{"0":{"loc":{"start":{"line":10,"column":46},"end":{"line":10,"column":94}},"type":"cond-expr","locations":[{"start":{"line":10,"column":70},"end":{"line":10,"column":73}},{"start":{"line":10,"column":76},"end":{"line":10,"column":94}}],"line":10},"1":{"loc":{"start":{"line":10,"column":46},"end":{"line":10,"column":67}},"type":"binary-expr","locations":[{"start":{"line":10,"column":46},"end":{"line":10,"column":49}},{"start":{"line":10,"column":53},"end":{"line":10,"column":67}}],"line":10},"2":{"loc":{"start":{"line":12,"column":41},"end":{"line":12,"column":155}},"type":"binary-expr","locations":[{"start":{"line":12,"column":41},"end":{"line":12,"column":61}},{"start":{"line":12,"column":65},"end":{"line":12,"column":94}},{"start":{"line":12,"column":98},"end":{"line":12,"column":133}},{"start":{"line":12,"column":137},"end":{"line":12,"column":155}}],"line":12},"3":{"loc":{"start":{"line":16,"column":41},"end":{"line":16,"column":120}},"type":"if","locations":[{"start":{"line":16,"column":41},"end":{"line":16,"column":120}},{"start":{"line":16,"column":41},"end":{"line":16,"column":120}}],"line":16},"4":{"loc":{"start":{"line":16,"column":45},"end":{"line":16,"column":111}},"type":"binary-expr","locations":[{"start":{"line":16,"column":45},"end":{"line":16,"column":74}},{"start":{"line":16,"column":78},"end":{"line":16,"column":111}}],"line":16},"5":{"loc":{"start":{"line":16,"column":300},"end":{"line":16,"column":334}},"type":"if","locations":[{"start":{"line":16,"column":300},"end":{"line":16,"column":334}},{"start":{"line":16,"column":300},"end":{"line":16,"column":334}}],"line":16},"6":{"loc":{"start":{"line":16,"column":304},"end":{"line":16,"column":326}},"type":"binary-expr","locations":[{"start":{"line":16,"column":304},"end":{"line":16,"column":305}},{"start":{"line":16,"column":309},"end":{"line":16,"column":326}}],"line":16},"7":{"loc":{"start":{"line":16,"column":392},"end":{"line":16,"column":440}},"type":"if","locations":[{"start":{"line":16,"column":392},"end":{"line":16,"column":440}},{"start":{"line":16,"column":392},"end":{"line":16,"column":440}}],"line":16},"8":{"loc":{"start":{"line":16,"column":396},"end":{"line":16,"column":423}},"type":"binary-expr","locations":[{"start":{"line":16,"column":396},"end":{"line":16,"column":399}},{"start":{"line":16,"column":403},"end":{"line":16,"column":423}}],"line":16},"9":{"loc":{"start":{"line":16,"column":453},"end":{"line":16,"column":470}},"type":"if","locations":[{"start":{"line":16,"column":453},"end":{"line":16,"column":470}},{"start":{"line":16,"column":453},"end":{"line":16,"column":470}}],"line":16},"10":{"loc":{"start":{"line":18,"column":32},"end":{"line":18,"column":67}},"type":"if","locations":[{"start":{"line":18,"column":32},"end":{"line":18,"column":67}},{"start":{"line":18,"column":32},"end":{"line":18,"column":67}}],"line":18},"11":{"loc":{"start":{"line":20,"column":54},"end":{"line":20,"column":84}},"type":"if","locations":[{"start":{"line":20,"column":54},"end":{"line":20,"column":84}},{"start":{"line":20,"column":54},"end":{"line":20,"column":84}}],"line":20},"12":{"loc":{"start":{"line":20,"column":159},"end":{"line":20,"column":475}},"type":"if","locations":[{"start":{"line":20,"column":159},"end":{"line":20,"column":475}},{"start":{"line":20,"column":159},"end":{"line":20,"column":475}}],"line":20},"13":{"loc":{"start":{"line":20,"column":331},"end":{"line":20,"column":372}},"type":"if","locations":[{"start":{"line":20,"column":331},"end":{"line":20,"column":372}},{"start":{"line":20,"column":331},"end":{"line":20,"column":372}}],"line":20},"14":{"loc":{"start":{"line":20,"column":373},"end":{"line":20,"column":444}},"type":"if","locations":[{"start":{"line":20,"column":373},"end":{"line":20,"column":444}},{"start":{"line":20,"column":373},"end":{"line":20,"column":444}}],"line":20},"15":{"loc":{"start":{"line":22,"column":59},"end":{"line":22,"column":89}},"type":"if","locations":[{"start":{"line":22,"column":59},"end":{"line":22,"column":89}},{"start":{"line":22,"column":59},"end":{"line":22,"column":89}}],"line":22},"16":{"loc":{"start":{"line":22,"column":220},"end":{"line":22,"column":261}},"type":"if","locations":[{"start":{"line":22,"column":220},"end":{"line":22,"column":261}},{"start":{"line":22,"column":220},"end":{"line":22,"column":261}}],"line":22},"17":{"loc":{"start":{"line":24,"column":42},"end":{"line":24,"column":150}},"type":"binary-expr","locations":[{"start":{"line":24,"column":42},"end":{"line":24,"column":65}},{"start":{"line":24,"column":69},"end":{"line":24,"column":90}},{"start":{"line":24,"column":94},"end":{"line":24,"column":126}},{"start":{"line":24,"column":130},"end":{"line":24,"column":150}}],"line":24},"18":{"loc":{"start":{"line":28,"column":50},"end":{"line":28,"column":65}},"type":"if","locations":[{"start":{"line":28,"column":50},"end":{"line":28,"column":65}},{"start":{"line":28,"column":50},"end":{"line":28,"column":65}}],"line":28},"19":{"loc":{"start":{"line":28,"column":66},"end":{"line":28,"column":129}},"type":"if","locations":[{"start":{"line":28,"column":66},"end":{"line":28,"column":129}},{"start":{"line":28,"column":66},"end":{"line":28,"column":129}}],"line":28},"20":{"loc":{"start":{"line":28,"column":186},"end":{"line":28,"column":246}},"type":"if","locations":[{"start":{"line":28,"column":186},"end":{"line":28,"column":246}},{"start":{"line":28,"column":186},"end":{"line":28,"column":246}}],"line":28},"21":{"loc":{"start":{"line":28,"column":190},"end":{"line":28,"column":221}},"type":"binary-expr","locations":[{"start":{"line":28,"column":190},"end":{"line":28,"column":204}},{"start":{"line":28,"column":208},"end":{"line":28,"column":221}}],"line":28},"22":{"loc":{"start":{"line":28,"column":247},"end":{"line":28,"column":300}},"type":"if","locations":[{"start":{"line":28,"column":247},"end":{"line":28,"column":300}},{"start":{"line":28,"column":247},"end":{"line":28,"column":300}}],"line":28},"23":{"loc":{"start":{"line":28,"column":251},"end":{"line":28,"column":277}},"type":"binary-expr","locations":[{"start":{"line":28,"column":251},"end":{"line":28,"column":262}},{"start":{"line":28,"column":266},"end":{"line":28,"column":277}}],"line":28},"24":{"loc":{"start":{"line":28,"column":301},"end":{"line":28,"column":414}},"type":"if","locations":[{"start":{"line":28,"column":301},"end":{"line":28,"column":414}},{"start":{"line":28,"column":301},"end":{"line":28,"column":414}}],"line":28},"25":{"loc":{"start":{"line":28,"column":305},"end":{"line":28,"column":376}},"type":"binary-expr","locations":[{"start":{"line":28,"column":305},"end":{"line":28,"column":322}},{"start":{"line":28,"column":326},"end":{"line":28,"column":376}}],"line":28},"26":{"loc":{"start":{"line":30,"column":34},"end":{"line":30,"column":128}},"type":"if","locations":[{"start":{"line":30,"column":34},"end":{"line":30,"column":128}},{"start":{"line":30,"column":34},"end":{"line":30,"column":128}}],"line":30},"27":{"loc":{"start":{"line":30,"column":38},"end":{"line":30,"column":102}},"type":"binary-expr","locations":[{"start":{"line":30,"column":38},"end":{"line":30,"column":67}},{"start":{"line":30,"column":71},"end":{"line":30,"column":102}}],"line":30},"28":{"loc":{"start":{"line":32,"column":35},"end":{"line":32,"column":89}},"type":"if","locations":[{"start":{"line":32,"column":35},"end":{"line":32,"column":89}},{"start":{"line":32,"column":35},"end":{"line":32,"column":89}}],"line":32},"29":{"loc":{"start":{"line":34,"column":39},"end":{"line":34,"column":93}},"type":"if","locations":[{"start":{"line":34,"column":39},"end":{"line":34,"column":93}},{"start":{"line":34,"column":39},"end":{"line":34,"column":93}}],"line":34},"30":{"loc":{"start":{"line":34,"column":43},"end":{"line":34,"column":74}},"type":"binary-expr","locations":[{"start":{"line":34,"column":43},"end":{"line":34,"column":54}},{"start":{"line":34,"column":58},"end":{"line":34,"column":74}}],"line":34},"31":{"loc":{"start":{"line":36,"column":50},"end":{"line":36,"column":151}},"type":"if","locations":[{"start":{"line":36,"column":50},"end":{"line":36,"column":151}},{"start":{"line":36,"column":50},"end":{"line":36,"column":151}}],"line":36},"32":{"loc":{"start":{"line":38,"column":136},"end":{"line":38,"column":166}},"type":"binary-expr","locations":[{"start":{"line":38,"column":136},"end":{"line":38,"column":157}},{"start":{"line":38,"column":161},"end":{"line":38,"column":166}}],"line":38},"33":{"loc":{"start":{"line":38,"column":200},"end":{"line":38,"column":254}},"type":"if","locations":[{"start":{"line":38,"column":200},"end":{"line":38,"column":254}},{"start":{"line":38,"column":200},"end":{"line":38,"column":254}}],"line":38},"34":{"loc":{"start":{"line":40,"column":62},"end":{"line":40,"column":131}},"type":"if","locations":[{"start":{"line":40,"column":62},"end":{"line":40,"column":131}},{"start":{"line":40,"column":62},"end":{"line":40,"column":131}}],"line":40},"35":{"loc":{"start":{"line":40,"column":132},"end":{"line":40,"column":193}},"type":"if","locations":[{"start":{"line":40,"column":132},"end":{"line":40,"column":193}},{"start":{"line":40,"column":132},"end":{"line":40,"column":193}}],"line":40},"36":{"loc":{"start":{"line":64,"column":6},"end":{"line":69,"column":7}},"type":"if","locations":[{"start":{"line":64,"column":6},"end":{"line":69,"column":7}},{"start":{"line":64,"column":6},"end":{"line":69,"column":7}}],"line":64},"37":{"loc":{"start":{"line":126,"column":16},"end":{"line":126,"column":52}},"type":"cond-expr","locations":[{"start":{"line":126,"column":34},"end":{"line":126,"column":38}},{"start":{"line":126,"column":41},"end":{"line":126,"column":52}}],"line":126},"38":{"loc":{"start":{"line":127,"column":17},"end":{"line":129,"column":12}},"type":"cond-expr","locations":[{"start":{"line":127,"column":35},"end":{"line":127,"column":40}},{"start":{"line":127,"column":43},"end":{"line":129,"column":12}}],"line":127}},"s":{"0":1,"1":1,"2":1,"3":1,"4":12,"5":0,"6":0,"7":0,"8":0,"9":0,"10":0,"11":0,"12":0,"13":0,"14":0,"15":0,"16":0,"17":0,"18":0,"19":0,"20":0,"21":0,"22":0,"23":0,"24":0,"25":0,"26":12,"27":12,"28":4,"29":0,"30":4,"31":4,"32":4,"33":4,"34":0,"35":0,"36":0,"37":0,"38":0,"39":0,"40":4,"41":4,"42":0,"43":4,"44":4,"45":4,"46":20,"47":20,"48":12,"49":8,"50":4,"51":27,"52":0,"53":0,"54":0,"55":0,"56":0,"57":0,"58":0,"59":0,"60":0,"61":0,"62":0,"63":0,"64":0,"65":0,"66":27,"67":27,"68":27,"69":27,"70":27,"71":27,"72":27,"73":60,"74":27,"75":8,"76":0,"77":1,"78":1,"79":8,"80":8,"81":8,"82":8,"83":8,"84":8,"85":1,"86":1,"87":1,"88":0,"89":1,"90":1,"91":8,"92":8,"93":8,"94":8,"95":8,"96":8,"97":1,"98":4,"99":4,"100":4,"101":24,"102":48,"103":48,"104":24,"105":1,"106":1,"107":1,"108":1,"109":0,"110":0,"111":0,"112":0,"113":1,"114":4,"115":4,"116":4,"117":4,"118":4,"119":3,"120":12,"121":12,"122":12,"123":12,"124":3,"125":12,"126":12,"127":12,"128":12,"129":12,"130":12,"131":27,"132":3,"133":3,"134":3,"135":12,"136":12,"137":36,"138":3,"139":12,"140":12,"141":12,"142":3,"143":0,"144":0,"145":0,"146":0,"147":0,"148":0,"149":1,"150":1,"151":1},"f":{"0":1,"1":12,"2":0,"3":0,"4":12,"5":4,"6":4,"7":27,"8":0,"9":0,"10":0,"11":27,"12":27,"13":8,"14":1,"15":1,"16":1,"17":8,"18":4,"19":4,"20":24,"21":48,"22":1,"23":1,"24":0,"25":0,"26":1,"27":4,"28":3,"29":12,"30":12,"31":27,"32":3,"33":12,"34":36,"35":12,"36":0,"37":0},"b":{"0":[1,0],"1":[1,1],"2":[12,0,0,0],"3":[0,0],"4":[0,0],"5":[0,0],"6":[0,0],"7":[0,0],"8":[0,0],"9":[0,0],"10":[12,0],"11":[0,4],"12":[4,0],"13":[0,0],"14":[0,0],"15":[0,4],"16":[12,8],"17":[27,0,0,0],"18":[0,0],"19":[0,0],"20":[0,0],"21":[0,0],"22":[0,0],"23":[0,0],"24":[0,0],"25":[0,0],"26":[0,0],"27":[0,0],"28":[27,0],"29":[27,0],"30":[27,0],"31":[0,8],"32":[8,8],"33":[8,0],"34":[1,0],"35":[0,1],"36":[24,0],"37":[3,9],"38":[3,9]},"_coverageSchema":"1a1c01bbd47fc00a2c39e90264f33305004495a9","hash":"06defc89ac145224676ef5402da8f519fc08013d"}
,"/home/cedric/Documents/projects/fokken/fokken-service/dist/game/player.js": {"path":"/home/cedric/Documents/projects/fokken/fokken-service/dist/game/player.js","statementMap":{"0":{"start":{"line":3,"column":0},"end":{"line":5,"column":3}},"1":{"start":{"line":6,"column":0},"end":{"line":6,"column":28}},"2":{"start":{"line":8,"column":35},"end":{"line":8,"column":151}},"3":{"start":{"line":10,"column":32},"end":{"line":10,"column":188}},"4":{"start":{"line":12,"column":50},"end":{"line":12,"column":65}},"5":{"start":{"line":12,"column":58},"end":{"line":12,"column":65}},"6":{"start":{"line":12,"column":66},"end":{"line":12,"column":129}},"7":{"start":{"line":12,"column":93},"end":{"line":12,"column":129}},"8":{"start":{"line":12,"column":138},"end":{"line":12,"column":184}},"9":{"start":{"line":12,"column":186},"end":{"line":12,"column":246}},"10":{"start":{"line":12,"column":223},"end":{"line":12,"column":246}},"11":{"start":{"line":12,"column":247},"end":{"line":12,"column":300}},"12":{"start":{"line":12,"column":279},"end":{"line":12,"column":300}},"13":{"start":{"line":12,"column":301},"end":{"line":12,"column":414}},"14":{"start":{"line":12,"column":378},"end":{"line":12,"column":414}},"15":{"start":{"line":14,"column":34},"end":{"line":14,"column":128}},"16":{"start":{"line":14,"column":104},"end":{"line":14,"column":128}},"17":{"start":{"line":16,"column":35},"end":{"line":16,"column":89}},"18":{"start":{"line":16,"column":59},"end":{"line":16,"column":89}},"19":{"start":{"line":18,"column":39},"end":{"line":18,"column":93}},"20":{"start":{"line":18,"column":76},"end":{"line":18,"column":93}},"21":{"start":{"line":18,"column":94},"end":{"line":18,"column":168}},"22":{"start":{"line":18,"column":107},"end":{"line":18,"column":108}},"23":{"start":{"line":18,"column":117},"end":{"line":18,"column":131}},"24":{"start":{"line":18,"column":149},"end":{"line":18,"column":166}},"25":{"start":{"line":18,"column":169},"end":{"line":18,"column":181}},"26":{"start":{"line":20,"column":50},"end":{"line":20,"column":151}},"27":{"start":{"line":20,"column":92},"end":{"line":20,"column":149}},"28":{"start":{"line":22,"column":44},"end":{"line":22,"column":315}},"29":{"start":{"line":22,"column":57},"end":{"line":22,"column":58}},"30":{"start":{"line":22,"column":102},"end":{"line":22,"column":110}},"31":{"start":{"line":22,"column":112},"end":{"line":22,"column":167}},"32":{"start":{"line":22,"column":168},"end":{"line":22,"column":199}},"33":{"start":{"line":22,"column":200},"end":{"line":22,"column":254}},"34":{"start":{"line":22,"column":227},"end":{"line":22,"column":254}},"35":{"start":{"line":22,"column":255},"end":{"line":22,"column":313}},"36":{"start":{"line":24,"column":62},"end":{"line":24,"column":131}},"37":{"start":{"line":24,"column":78},"end":{"line":24,"column":131}},"38":{"start":{"line":24,"column":132},"end":{"line":24,"column":193}},"39":{"start":{"line":24,"column":149},"end":{"line":24,"column":193}},"40":{"start":{"line":24,"column":194},"end":{"line":24,"column":213}},"41":{"start":{"line":26,"column":26},"end":{"line":104,"column":3}},"42":{"start":{"line":28,"column":4},"end":{"line":28,"column":34}},"43":{"start":{"line":30,"column":4},"end":{"line":30,"column":29}},"44":{"start":{"line":31,"column":4},"end":{"line":31,"column":24}},"45":{"start":{"line":32,"column":4},"end":{"line":32,"column":25}},"46":{"start":{"line":33,"column":4},"end":{"line":33,"column":19}},"47":{"start":{"line":34,"column":4},"end":{"line":34,"column":20}},"48":{"start":{"line":37,"column":2},"end":{"line":101,"column":6}},"49":{"start":{"line":40,"column":6},"end":{"line":40,"column":67}},"50":{"start":{"line":47,"column":33},"end":{"line":47,"column":34}},"51":{"start":{"line":49,"column":6},"end":{"line":52,"column":26}},"52":{"start":{"line":50,"column":8},"end":{"line":50,"column":38}},"53":{"start":{"line":51,"column":8},"end":{"line":51,"column":31}},"54":{"start":{"line":54,"column":6},"end":{"line":57,"column":27}},"55":{"start":{"line":55,"column":8},"end":{"line":55,"column":39}},"56":{"start":{"line":56,"column":8},"end":{"line":56,"column":31}},"57":{"start":{"line":59,"column":6},"end":{"line":61,"column":7}},"58":{"start":{"line":60,"column":8},"end":{"line":60,"column":69}},"59":{"start":{"line":63,"column":6},"end":{"line":65,"column":7}},"60":{"start":{"line":64,"column":8},"end":{"line":64,"column":70}},"61":{"start":{"line":70,"column":22},"end":{"line":72,"column":8}},"62":{"start":{"line":71,"column":8},"end":{"line":71,"column":78}},"63":{"start":{"line":74,"column":6},"end":{"line":76,"column":7}},"64":{"start":{"line":75,"column":8},"end":{"line":75,"column":44}},"65":{"start":{"line":78,"column":6},"end":{"line":78,"column":37}},"66":{"start":{"line":83,"column":6},"end":{"line":97,"column":7}},"67":{"start":{"line":83,"column":19},"end":{"line":83,"column":20}},"68":{"start":{"line":84,"column":24},"end":{"line":86,"column":10}},"69":{"start":{"line":85,"column":10},"end":{"line":85,"column":80}},"70":{"start":{"line":88,"column":8},"end":{"line":96,"column":9}},"71":{"start":{"line":89,"column":10},"end":{"line":92,"column":11}},"72":{"start":{"line":90,"column":12},"end":{"line":90,"column":31}},"73":{"start":{"line":91,"column":12},"end":{"line":91,"column":19}},"74":{"start":{"line":94,"column":10},"end":{"line":94,"column":45}},"75":{"start":{"line":95,"column":10},"end":{"line":95,"column":17}},"76":{"start":{"line":99,"column":6},"end":{"line":99,"column":43}},"77":{"start":{"line":103,"column":2},"end":{"line":103,"column":16}},"78":{"start":{"line":106,"column":15},"end":{"line":106,"column":21}},"79":{"start":{"line":107,"column":0},"end":{"line":107,"column":30}}},"fnMap":{"0":{"name":"_toConsumableArray","decl":{"start":{"line":8,"column":9},"end":{"line":8,"column":27}},"loc":{"start":{"line":8,"column":33},"end":{"line":8,"column":153}},"line":8},"1":{"name":"_nonIterableSpread","decl":{"start":{"line":10,"column":9},"end":{"line":10,"column":27}},"loc":{"start":{"line":10,"column":30},"end":{"line":10,"column":190}},"line":10},"2":{"name":"_unsupportedIterableToArray","decl":{"start":{"line":12,"column":9},"end":{"line":12,"column":36}},"loc":{"start":{"line":12,"column":48},"end":{"line":12,"column":416}},"line":12},"3":{"name":"_iterableToArray","decl":{"start":{"line":14,"column":9},"end":{"line":14,"column":25}},"loc":{"start":{"line":14,"column":32},"end":{"line":14,"column":130}},"line":14},"4":{"name":"_arrayWithoutHoles","decl":{"start":{"line":16,"column":9},"end":{"line":16,"column":27}},"loc":{"start":{"line":16,"column":33},"end":{"line":16,"column":91}},"line":16},"5":{"name":"_arrayLikeToArray","decl":{"start":{"line":18,"column":9},"end":{"line":18,"column":26}},"loc":{"start":{"line":18,"column":37},"end":{"line":18,"column":183}},"line":18},"6":{"name":"_classCallCheck","decl":{"start":{"line":20,"column":9},"end":{"line":20,"column":24}},"loc":{"start":{"line":20,"column":48},"end":{"line":20,"column":153}},"line":20},"7":{"name":"_defineProperties","decl":{"start":{"line":22,"column":9},"end":{"line":22,"column":26}},"loc":{"start":{"line":22,"column":42},"end":{"line":22,"column":317}},"line":22},"8":{"name":"_createClass","decl":{"start":{"line":24,"column":9},"end":{"line":24,"column":21}},"loc":{"start":{"line":24,"column":60},"end":{"line":24,"column":215}},"line":24},"9":{"name":"(anonymous_9)","decl":{"start":{"line":26,"column":26},"end":{"line":26,"column":27}},"loc":{"start":{"line":26,"column":38},"end":{"line":104,"column":1}},"line":26},"10":{"name":"Player","decl":{"start":{"line":27,"column":11},"end":{"line":27,"column":17}},"loc":{"start":{"line":27,"column":36},"end":{"line":35,"column":3}},"line":27},"11":{"name":"addCardToHand","decl":{"start":{"line":39,"column":20},"end":{"line":39,"column":33}},"loc":{"start":{"line":39,"column":40},"end":{"line":41,"column":5}},"line":39},"12":{"name":"removeCard","decl":{"start":{"line":46,"column":20},"end":{"line":46,"column":30}},"loc":{"start":{"line":46,"column":37},"end":{"line":66,"column":5}},"line":46},"13":{"name":"removeCardFromHand","decl":{"start":{"line":69,"column":20},"end":{"line":69,"column":38}},"loc":{"start":{"line":69,"column":45},"end":{"line":79,"column":5}},"line":69},"14":{"name":"(anonymous_14)","decl":{"start":{"line":70,"column":42},"end":{"line":70,"column":43}},"loc":{"start":{"line":70,"column":62},"end":{"line":72,"column":7}},"line":70},"15":{"name":"removeCardFromTable","decl":{"start":{"line":82,"column":20},"end":{"line":82,"column":39}},"loc":{"start":{"line":82,"column":46},"end":{"line":100,"column":5}},"line":82},"16":{"name":"(anonymous_16)","decl":{"start":{"line":84,"column":48},"end":{"line":84,"column":49}},"loc":{"start":{"line":84,"column":68},"end":{"line":86,"column":9}},"line":84}},"branchMap":{"0":{"loc":{"start":{"line":8,"column":42},"end":{"line":8,"column":150}},"type":"binary-expr","locations":[{"start":{"line":8,"column":42},"end":{"line":8,"column":65}},{"start":{"line":8,"column":69},"end":{"line":8,"column":90}},{"start":{"line":8,"column":94},"end":{"line":8,"column":126}},{"start":{"line":8,"column":130},"end":{"line":8,"column":150}}],"line":8},"1":{"loc":{"start":{"line":12,"column":50},"end":{"line":12,"column":65}},"type":"if","locations":[{"start":{"line":12,"column":50},"end":{"line":12,"column":65}},{"start":{"line":12,"column":50},"end":{"line":12,"column":65}}],"line":12},"2":{"loc":{"start":{"line":12,"column":66},"end":{"line":12,"column":129}},"type":"if","locations":[{"start":{"line":12,"column":66},"end":{"line":12,"column":129}},{"start":{"line":12,"column":66},"end":{"line":12,"column":129}}],"line":12},"3":{"loc":{"start":{"line":12,"column":186},"end":{"line":12,"column":246}},"type":"if","locations":[{"start":{"line":12,"column":186},"end":{"line":12,"column":246}},{"start":{"line":12,"column":186},"end":{"line":12,"column":246}}],"line":12},"4":{"loc":{"start":{"line":12,"column":190},"end":{"line":12,"column":221}},"type":"binary-expr","locations":[{"start":{"line":12,"column":190},"end":{"line":12,"column":204}},{"start":{"line":12,"column":208},"end":{"line":12,"column":221}}],"line":12},"5":{"loc":{"start":{"line":12,"column":247},"end":{"line":12,"column":300}},"type":"if","locations":[{"start":{"line":12,"column":247},"end":{"line":12,"column":300}},{"start":{"line":12,"column":247},"end":{"line":12,"column":300}}],"line":12},"6":{"loc":{"start":{"line":12,"column":251},"end":{"line":12,"column":277}},"type":"binary-expr","locations":[{"start":{"line":12,"column":251},"end":{"line":12,"column":262}},{"start":{"line":12,"column":266},"end":{"line":12,"column":277}}],"line":12},"7":{"loc":{"start":{"line":12,"column":301},"end":{"line":12,"column":414}},"type":"if","locations":[{"start":{"line":12,"column":301},"end":{"line":12,"column":414}},{"start":{"line":12,"column":301},"end":{"line":12,"column":414}}],"line":12},"8":{"loc":{"start":{"line":12,"column":305},"end":{"line":12,"column":376}},"type":"binary-expr","locations":[{"start":{"line":12,"column":305},"end":{"line":12,"column":322}},{"start":{"line":12,"column":326},"end":{"line":12,"column":376}}],"line":12},"9":{"loc":{"start":{"line":14,"column":34},"end":{"line":14,"column":128}},"type":"if","locations":[{"start":{"line":14,"column":34},"end":{"line":14,"column":128}},{"start":{"line":14,"column":34},"end":{"line":14,"column":128}}],"line":14},"10":{"loc":{"start":{"line":14,"column":38},"end":{"line":14,"column":102}},"type":"binary-expr","locations":[{"start":{"line":14,"column":38},"end":{"line":14,"column":67}},{"start":{"line":14,"column":71},"end":{"line":14,"column":102}}],"line":14},"11":{"loc":{"start":{"line":16,"column":35},"end":{"line":16,"column":89}},"type":"if","locations":[{"start":{"line":16,"column":35},"end":{"line":16,"column":89}},{"start":{"line":16,"column":35},"end":{"line":16,"column":89}}],"line":16},"12":{"loc":{"start":{"line":18,"column":39},"end":{"line":18,"column":93}},"type":"if","locations":[{"start":{"line":18,"column":39},"end":{"line":18,"column":93}},{"start":{"line":18,"column":39},"end":{"line":18,"column":93}}],"line":18},"13":{"loc":{"start":{"line":18,"column":43},"end":{"line":18,"column":74}},"type":"binary-expr","locations":[{"start":{"line":18,"column":43},"end":{"line":18,"column":54}},{"start":{"line":18,"column":58},"end":{"line":18,"column":74}}],"line":18},"14":{"loc":{"start":{"line":20,"column":50},"end":{"line":20,"column":151}},"type":"if","locations":[{"start":{"line":20,"column":50},"end":{"line":20,"column":151}},{"start":{"line":20,"column":50},"end":{"line":20,"column":151}}],"line":20},"15":{"loc":{"start":{"line":22,"column":136},"end":{"line":22,"column":166}},"type":"binary-expr","locations":[{"start":{"line":22,"column":136},"end":{"line":22,"column":157}},{"start":{"line":22,"column":161},"end":{"line":22,"column":166}}],"line":22},"16":{"loc":{"start":{"line":22,"column":200},"end":{"line":22,"column":254}},"type":"if","locations":[{"start":{"line":22,"column":200},"end":{"line":22,"column":254}},{"start":{"line":22,"column":200},"end":{"line":22,"column":254}}],"line":22},"17":{"loc":{"start":{"line":24,"column":62},"end":{"line":24,"column":131}},"type":"if","locations":[{"start":{"line":24,"column":62},"end":{"line":24,"column":131}},{"start":{"line":24,"column":62},"end":{"line":24,"column":131}}],"line":24},"18":{"loc":{"start":{"line":24,"column":132},"end":{"line":24,"column":193}},"type":"if","locations":[{"start":{"line":24,"column":132},"end":{"line":24,"column":193}},{"start":{"line":24,"column":132},"end":{"line":24,"column":193}}],"line":24},"19":{"loc":{"start":{"line":59,"column":6},"end":{"line":61,"column":7}},"type":"if","locations":[{"start":{"line":59,"column":6},"end":{"line":61,"column":7}},{"start":{"line":59,"column":6},"end":{"line":61,"column":7}}],"line":59},"20":{"loc":{"start":{"line":63,"column":6},"end":{"line":65,"column":7}},"type":"if","locations":[{"start":{"line":63,"column":6},"end":{"line":65,"column":7}},{"start":{"line":63,"column":6},"end":{"line":65,"column":7}}],"line":63},"21":{"loc":{"start":{"line":71,"column":15},"end":{"line":71,"column":77}},"type":"binary-expr","locations":[{"start":{"line":71,"column":15},"end":{"line":71,"column":46}},{"start":{"line":71,"column":50},"end":{"line":71,"column":77}}],"line":71},"22":{"loc":{"start":{"line":74,"column":6},"end":{"line":76,"column":7}},"type":"if","locations":[{"start":{"line":74,"column":6},"end":{"line":76,"column":7}},{"start":{"line":74,"column":6},"end":{"line":76,"column":7}}],"line":74},"23":{"loc":{"start":{"line":85,"column":17},"end":{"line":85,"column":79}},"type":"binary-expr","locations":[{"start":{"line":85,"column":17},"end":{"line":85,"column":48}},{"start":{"line":85,"column":52},"end":{"line":85,"column":79}}],"line":85},"24":{"loc":{"start":{"line":88,"column":8},"end":{"line":96,"column":9}},"type":"if","locations":[{"start":{"line":88,"column":8},"end":{"line":96,"column":9}},{"start":{"line":88,"column":8},"end":{"line":96,"column":9}}],"line":88},"25":{"loc":{"start":{"line":89,"column":10},"end":{"line":92,"column":11}},"type":"if","locations":[{"start":{"line":89,"column":10},"end":{"line":92,"column":11}},{"start":{"line":89,"column":10},"end":{"line":92,"column":11}}],"line":89}},"s":{"0":2,"1":2,"2":2,"3":0,"4":0,"5":0,"6":0,"7":0,"8":0,"9":0,"10":0,"11":0,"12":0,"13":0,"14":0,"15":0,"16":0,"17":2,"18":2,"19":2,"20":2,"21":2,"22":2,"23":2,"24":5,"25":2,"26":5,"27":0,"28":2,"29":2,"30":8,"31":8,"32":8,"33":8,"34":8,"35":8,"36":2,"37":2,"38":2,"39":0,"40":2,"41":2,"42":5,"43":5,"44":5,"45":5,"46":5,"47":5,"48":2,"49":2,"50":4,"51":4,"52":4,"53":2,"54":4,"55":4,"56":2,"57":4,"58":1,"59":3,"60":1,"61":5,"62":10,"63":5,"64":2,"65":3,"66":13,"67":13,"68":23,"69":23,"70":23,"71":11,"72":5,"73":5,"74":6,"75":6,"76":2,"77":2,"78":2,"79":2},"f":{"0":2,"1":0,"2":0,"3":0,"4":2,"5":2,"6":5,"7":2,"8":2,"9":2,"10":5,"11":2,"12":4,"13":5,"14":10,"15":13,"16":23},"b":{"0":[2,0,0,0],"1":[0,0],"2":[0,0],"3":[0,0],"4":[0,0],"5":[0,0],"6":[0,0],"7":[0,0],"8":[0,0],"9":[0,0],"10":[0,0],"11":[2,0],"12":[2,0],"13":[2,0],"14":[0,5],"15":[8,8],"16":[8,0],"17":[2,0],"18":[0,2],"19":[1,3],"20":[1,2],"21":[10,4],"22":[2,3],"23":[23,13],"24":[11,12],"25":[5,6]},"_coverageSchema":"1a1c01bbd47fc00a2c39e90264f33305004495a9","hash":"9d9de92698b69030958a3752f7178a82810d1880"}
,"/home/cedric/Documents/projects/fokken/fokken-service/src/game/card.js": {"path":"/home/cedric/Documents/projects/fokken/fokken-service/src/game/card.js","statementMap":{"0":{"start":{"line":1,"column":29},"end":{"line":5,"column":1}},"1":{"start":{"line":9,"column":4},"end":{"line":16,"column":5}},"2":{"start":{"line":15,"column":6},"end":{"line":15,"column":59}},"3":{"start":{"line":18,"column":4},"end":{"line":20,"column":5}},"4":{"start":{"line":19,"column":6},"end":{"line":19,"column":59}},"5":{"start":{"line":22,"column":4},"end":{"line":24,"column":5}},"6":{"start":{"line":23,"column":6},"end":{"line":23,"column":65}},"7":{"start":{"line":26,"column":4},"end":{"line":26,"column":57}},"8":{"start":{"line":27,"column":4},"end":{"line":27,"column":21}}},"fnMap":{"0":{"name":"(anonymous_0)","decl":{"start":{"line":8,"column":2},"end":{"line":8,"column":3}},"loc":{"start":{"line":8,"column":28},"end":{"line":28,"column":3}},"line":8}},"branchMap":{"0":{"loc":{"start":{"line":9,"column":4},"end":{"line":16,"column":5}},"type":"if","locations":[{"start":{"line":9,"column":4},"end":{"line":16,"column":5}},{"start":{"line":9,"column":4},"end":{"line":16,"column":5}}],"line":9},"1":{"loc":{"start":{"line":10,"column":6},"end":{"line":13,"column":19}},"type":"binary-expr","locations":[{"start":{"line":10,"column":6},"end":{"line":10,"column":26}},{"start":{"line":11,"column":6},"end":{"line":11,"column":24}},{"start":{"line":12,"column":6},"end":{"line":12,"column":21}},{"start":{"line":13,"column":6},"end":{"line":13,"column":19}}],"line":10},"2":{"loc":{"start":{"line":18,"column":4},"end":{"line":20,"column":5}},"type":"if","locations":[{"start":{"line":18,"column":4},"end":{"line":20,"column":5}},{"start":{"line":18,"column":4},"end":{"line":20,"column":5}}],"line":18},"3":{"loc":{"start":{"line":18,"column":8},"end":{"line":18,"column":33}},"type":"binary-expr","locations":[{"start":{"line":18,"column":8},"end":{"line":18,"column":18}},{"start":{"line":18,"column":22},"end":{"line":18,"column":33}}],"line":18},"4":{"loc":{"start":{"line":22,"column":4},"end":{"line":24,"column":5}},"type":"if","locations":[{"start":{"line":22,"column":4},"end":{"line":24,"column":5}},{"start":{"line":22,"column":4},"end":{"line":24,"column":5}}],"line":22},"5":{"loc":{"start":{"line":22,"column":8},"end":{"line":22,"column":28}},"type":"binary-expr","locations":[{"start":{"line":22,"column":8},"end":{"line":22,"column":16}},{"start":{"line":22,"column":20},"end":{"line":22,"column":28}}],"line":22},"6":{"loc":{"start":{"line":26,"column":18},"end":{"line":26,"column":56}},"type":"binary-expr","locations":[{"start":{"line":26,"column":18},"end":{"line":26,"column":46}},{"start":{"line":26,"column":50},"end":{"line":26,"column":56}}],"line":26}},"s":{"0":4,"1":753,"2":1,"3":752,"4":3,"5":749,"6":0,"7":749,"8":749},"f":{"0":753},"b":{"0":[1,752],"1":[753,752,752,752],"2":[3,749],"3":[752,750],"4":[0,749],"5":[749,749],"6":[749,581]},"_coverageSchema":"1a1c01bbd47fc00a2c39e90264f33305004495a9","hash":"84c13618170039e25227d5e93ca752651f1bc76b"}
,"/home/cedric/Documents/projects/fokken/fokken-service/src/game/deck.js": {"path":"/home/cedric/Documents/projects/fokken/fokken-service/src/game/deck.js","statementMap":{"0":{"start":{"line":5,"column":18},"end":{"line":7,"column":13}},"1":{"start":{"line":5,"column":52},"end":{"line":7,"column":5}},"2":{"start":{"line":6,"column":46},"end":{"line":6,"column":72}},"3":{"start":{"line":9,"column":4},"end":{"line":9,"column":37}},"4":{"start":{"line":14,"column":12},"end":{"line":14,"column":24}},"5":{"start":{"line":19,"column":4},"end":{"line":27,"column":5}},"6":{"start":{"line":21,"column":6},"end":{"line":21,"column":42}},"7":{"start":{"line":24,"column":6},"end":{"line":24,"column":19}},"8":{"start":{"line":25,"column":6},"end":{"line":25,"column":26}},"9":{"start":{"line":26,"column":6},"end":{"line":26,"column":19}},"10":{"start":{"line":29,"column":4},"end":{"line":29,"column":17}},"11":{"start":{"line":33,"column":4},"end":{"line":33,"column":29}},"12":{"start":{"line":37,"column":4},"end":{"line":39,"column":5}},"13":{"start":{"line":38,"column":6},"end":{"line":38,"column":32}},"14":{"start":{"line":41,"column":4},"end":{"line":41,"column":40}}},"fnMap":{"0":{"name":"(anonymous_0)","decl":{"start":{"line":4,"column":2},"end":{"line":4,"column":3}},"loc":{"start":{"line":4,"column":16},"end":{"line":10,"column":3}},"line":4},"1":{"name":"(anonymous_1)","decl":{"start":{"line":5,"column":39},"end":{"line":5,"column":40}},"loc":{"start":{"line":5,"column":52},"end":{"line":7,"column":5}},"line":5},"2":{"name":"(anonymous_2)","decl":{"start":{"line":6,"column":31},"end":{"line":6,"column":32}},"loc":{"start":{"line":6,"column":46},"end":{"line":6,"column":72}},"line":6},"3":{"name":"(anonymous_3)","decl":{"start":{"line":13,"column":2},"end":{"line":13,"column":3}},"loc":{"start":{"line":13,"column":17},"end":{"line":30,"column":3}},"line":13},"4":{"name":"(anonymous_4)","decl":{"start":{"line":32,"column":2},"end":{"line":32,"column":3}},"loc":{"start":{"line":32,"column":9},"end":{"line":34,"column":3}},"line":32},"5":{"name":"(anonymous_5)","decl":{"start":{"line":36,"column":2},"end":{"line":36,"column":3}},"loc":{"start":{"line":36,"column":19},"end":{"line":42,"column":3}},"line":36}},"branchMap":{"0":{"loc":{"start":{"line":37,"column":4},"end":{"line":39,"column":5}},"type":"if","locations":[{"start":{"line":37,"column":4},"end":{"line":39,"column":5}},{"start":{"line":37,"column":4},"end":{"line":39,"column":5}}],"line":37}},"s":{"0":14,"1":56,"2":728,"3":14,"4":14,"5":14,"6":728,"7":728,"8":728,"9":728,"10":14,"11":0,"12":50,"13":1,"14":49},"f":{"0":14,"1":56,"2":728,"3":14,"4":0,"5":50},"b":{"0":[1,49]},"_coverageSchema":"1a1c01bbd47fc00a2c39e90264f33305004495a9","hash":"de18359a641491c8f47c6170266ae674c43d1fec"}
,"/home/cedric/Documents/projects/fokken/fokken-service/src/game/game.js": {"path":"/home/cedric/Documents/projects/fokken/fokken-service/src/game/game.js","statementMap":{"0":{"start":{"line":5,"column":4},"end":{"line":5,"column":25}},"1":{"start":{"line":6,"column":4},"end":{"line":6,"column":32}},"2":{"start":{"line":7,"column":4},"end":{"line":7,"column":27}},"3":{"start":{"line":8,"column":4},"end":{"line":8,"column":32}},"4":{"start":{"line":9,"column":4},"end":{"line":9,"column":21}},"5":{"start":{"line":13,"column":4},"end":{"line":13,"column":58}},"6":{"start":{"line":13,"column":41},"end":{"line":13,"column":56}},"7":{"start":{"line":17,"column":4},"end":{"line":19,"column":5}},"8":{"start":{"line":17,"column":39},"end":{"line":17,"column":55}},"9":{"start":{"line":18,"column":6},"end":{"line":18,"column":47}},"10":{"start":{"line":23,"column":26},"end":{"line":23,"column":77}},"11":{"start":{"line":23,"column":61},"end":{"line":23,"column":76}},"12":{"start":{"line":25,"column":4},"end":{"line":25,"column":52}},"13":{"start":{"line":29,"column":26},"end":{"line":29,"column":77}},"14":{"start":{"line":29,"column":61},"end":{"line":29,"column":76}},"15":{"start":{"line":31,"column":4},"end":{"line":31,"column":49}},"16":{"start":{"line":35,"column":4},"end":{"line":37,"column":6}},"17":{"start":{"line":36,"column":49},"end":{"line":36,"column":58}},"18":{"start":{"line":46,"column":29},"end":{"line":48,"column":5}},"19":{"start":{"line":47,"column":48},"end":{"line":47,"column":69}},"20":{"start":{"line":50,"column":4},"end":{"line":61,"column":7}},"21":{"start":{"line":51,"column":73},"end":{"line":60,"column":7}},"22":{"start":{"line":58,"column":37},"end":{"line":58,"column":58}},"23":{"start":{"line":71,"column":4},"end":{"line":73,"column":9}},"24":{"start":{"line":77,"column":18},"end":{"line":85,"column":5}},"25":{"start":{"line":78,"column":35},"end":{"line":84,"column":7}},"26":{"start":{"line":82,"column":44},"end":{"line":82,"column":65}},"27":{"start":{"line":88,"column":4},"end":{"line":91,"column":7}},"28":{"start":{"line":89,"column":6},"end":{"line":89,"column":44}},"29":{"start":{"line":90,"column":6},"end":{"line":90,"column":46}},"30":{"start":{"line":93,"column":4},"end":{"line":93,"column":17}},"31":{"start":{"line":98,"column":6},"end":{"line":99,"column":25}},"32":{"start":{"line":98,"column":42},"end":{"line":98,"column":58}},"33":{"start":{"line":101,"column":4},"end":{"line":101,"column":46}},"34":{"start":{"line":102,"column":4},"end":{"line":102,"column":41}}},"fnMap":{"0":{"name":"(anonymous_0)","decl":{"start":{"line":4,"column":2},"end":{"line":4,"column":3}},"loc":{"start":{"line":4,"column":34},"end":{"line":10,"column":3}},"line":4},"1":{"name":"(anonymous_1)","decl":{"start":{"line":12,"column":2},"end":{"line":12,"column":3}},"loc":{"start":{"line":12,"column":22},"end":{"line":14,"column":3}},"line":12},"2":{"name":"(anonymous_2)","decl":{"start":{"line":13,"column":29},"end":{"line":13,"column":30}},"loc":{"start":{"line":13,"column":41},"end":{"line":13,"column":56}},"line":13},"3":{"name":"(anonymous_3)","decl":{"start":{"line":16,"column":2},"end":{"line":16,"column":3}},"loc":{"start":{"line":16,"column":20},"end":{"line":20,"column":3}},"line":16},"4":{"name":"(anonymous_4)","decl":{"start":{"line":17,"column":27},"end":{"line":17,"column":28}},"loc":{"start":{"line":17,"column":39},"end":{"line":17,"column":55}},"line":17},"5":{"name":"(anonymous_5)","decl":{"start":{"line":22,"column":2},"end":{"line":22,"column":3}},"loc":{"start":{"line":22,"column":34},"end":{"line":26,"column":3}},"line":22},"6":{"name":"(anonymous_6)","decl":{"start":{"line":23,"column":49},"end":{"line":23,"column":50}},"loc":{"start":{"line":23,"column":61},"end":{"line":23,"column":76}},"line":23},"7":{"name":"(anonymous_7)","decl":{"start":{"line":28,"column":2},"end":{"line":28,"column":3}},"loc":{"start":{"line":28,"column":39},"end":{"line":32,"column":3}},"line":28},"8":{"name":"(anonymous_8)","decl":{"start":{"line":29,"column":49},"end":{"line":29,"column":50}},"loc":{"start":{"line":29,"column":61},"end":{"line":29,"column":76}},"line":29},"9":{"name":"(anonymous_9)","decl":{"start":{"line":34,"column":2},"end":{"line":34,"column":3}},"loc":{"start":{"line":34,"column":19},"end":{"line":38,"column":3}},"line":34},"10":{"name":"(anonymous_10)","decl":{"start":{"line":36,"column":6},"end":{"line":36,"column":7}},"loc":{"start":{"line":36,"column":49},"end":{"line":36,"column":58}},"line":36},"11":{"name":"(anonymous_11)","decl":{"start":{"line":45,"column":2},"end":{"line":45,"column":3}},"loc":{"start":{"line":45,"column":26},"end":{"line":62,"column":3}},"line":45},"12":{"name":"(anonymous_12)","decl":{"start":{"line":47,"column":23},"end":{"line":47,"column":24}},"loc":{"start":{"line":47,"column":48},"end":{"line":47,"column":69}},"line":47},"13":{"name":"(anonymous_13)","decl":{"start":{"line":51,"column":46},"end":{"line":51,"column":47}},"loc":{"start":{"line":51,"column":73},"end":{"line":60,"column":7}},"line":51},"14":{"name":"(anonymous_14)","decl":{"start":{"line":58,"column":26},"end":{"line":58,"column":27}},"loc":{"start":{"line":58,"column":37},"end":{"line":58,"column":58}},"line":58},"15":{"name":"(anonymous_15)","decl":{"start":{"line":69,"column":2},"end":{"line":69,"column":3}},"loc":{"start":{"line":69,"column":16},"end":{"line":94,"column":3}},"line":69},"16":{"name":"(anonymous_16)","decl":{"start":{"line":78,"column":23},"end":{"line":78,"column":24}},"loc":{"start":{"line":78,"column":35},"end":{"line":84,"column":7}},"line":78},"17":{"name":"(anonymous_17)","decl":{"start":{"line":82,"column":38},"end":{"line":82,"column":39}},"loc":{"start":{"line":82,"column":44},"end":{"line":82,"column":65}},"line":82},"18":{"name":"(anonymous_18)","decl":{"start":{"line":88,"column":25},"end":{"line":88,"column":26}},"loc":{"start":{"line":88,"column":40},"end":{"line":91,"column":5}},"line":88},"19":{"name":"(anonymous_19)","decl":{"start":{"line":96,"column":2},"end":{"line":96,"column":3}},"loc":{"start":{"line":96,"column":16},"end":{"line":103,"column":3}},"line":96},"20":{"name":"(anonymous_20)","decl":{"start":{"line":98,"column":30},"end":{"line":98,"column":31}},"loc":{"start":{"line":98,"column":42},"end":{"line":98,"column":58}},"line":98}},"branchMap":{"0":{"loc":{"start":{"line":17,"column":4},"end":{"line":19,"column":5}},"type":"if","locations":[{"start":{"line":17,"column":4},"end":{"line":19,"column":5}},{"start":{"line":17,"column":4},"end":{"line":19,"column":5}}],"line":17},"1":{"loc":{"start":{"line":54,"column":16},"end":{"line":54,"column":52}},"type":"cond-expr","locations":[{"start":{"line":54,"column":34},"end":{"line":54,"column":38}},{"start":{"line":54,"column":41},"end":{"line":54,"column":52}}],"line":54},"2":{"loc":{"start":{"line":56,"column":12},"end":{"line":58,"column":59}},"type":"cond-expr","locations":[{"start":{"line":57,"column":16},"end":{"line":57,"column":21}},{"start":{"line":58,"column":16},"end":{"line":58,"column":59}}],"line":56}},"s":{"0":8,"1":8,"2":8,"3":8,"4":8,"5":4,"6":4,"7":24,"8":48,"9":24,"10":1,"11":1,"12":1,"13":0,"14":0,"15":0,"16":1,"17":4,"18":3,"19":12,"20":3,"21":12,"22":27,"23":3,"24":3,"25":12,"26":36,"27":3,"28":12,"29":12,"30":3,"31":0,"32":0,"33":0,"34":0},"f":{"0":8,"1":4,"2":4,"3":24,"4":48,"5":1,"6":1,"7":0,"8":0,"9":1,"10":4,"11":3,"12":12,"13":12,"14":27,"15":3,"16":12,"17":36,"18":12,"19":0,"20":0},"b":{"0":[24,0],"1":[3,9],"2":[3,9]},"_coverageSchema":"1a1c01bbd47fc00a2c39e90264f33305004495a9","hash":"9d7283bc4cae3d37aade27bb4073e75fd256af84"}
,"/home/cedric/Documents/projects/fokken/fokken-service/src/game/player.js": {"path":"/home/cedric/Documents/projects/fokken/fokken-service/src/game/player.js","statementMap":{"0":{"start":{"line":3,"column":4},"end":{"line":3,"column":29}},"1":{"start":{"line":4,"column":4},"end":{"line":4,"column":24}},"2":{"start":{"line":5,"column":4},"end":{"line":5,"column":25}},"3":{"start":{"line":6,"column":4},"end":{"line":6,"column":19}},"4":{"start":{"line":7,"column":4},"end":{"line":7,"column":20}},"5":{"start":{"line":11,"column":4},"end":{"line":11,"column":37}},"6":{"start":{"line":17,"column":31},"end":{"line":17,"column":32}},"7":{"start":{"line":18,"column":4},"end":{"line":21,"column":14}},"8":{"start":{"line":19,"column":6},"end":{"line":19,"column":36}},"9":{"start":{"line":20,"column":6},"end":{"line":20,"column":29}},"10":{"start":{"line":23,"column":4},"end":{"line":26,"column":14}},"11":{"start":{"line":24,"column":6},"end":{"line":24,"column":37}},"12":{"start":{"line":25,"column":6},"end":{"line":25,"column":29}},"13":{"start":{"line":28,"column":4},"end":{"line":30,"column":5}},"14":{"start":{"line":29,"column":6},"end":{"line":29,"column":67}},"15":{"start":{"line":32,"column":4},"end":{"line":34,"column":5}},"16":{"start":{"line":33,"column":6},"end":{"line":33,"column":68}},"17":{"start":{"line":38,"column":22},"end":{"line":41,"column":5}},"18":{"start":{"line":40,"column":8},"end":{"line":40,"column":70}},"19":{"start":{"line":43,"column":4},"end":{"line":45,"column":5}},"20":{"start":{"line":44,"column":6},"end":{"line":44,"column":42}},"21":{"start":{"line":47,"column":4},"end":{"line":47,"column":35}},"22":{"start":{"line":51,"column":4},"end":{"line":65,"column":5}},"23":{"start":{"line":51,"column":17},"end":{"line":51,"column":18}},"24":{"start":{"line":52,"column":24},"end":{"line":55,"column":7}},"25":{"start":{"line":54,"column":10},"end":{"line":54,"column":72}},"26":{"start":{"line":57,"column":6},"end":{"line":64,"column":7}},"27":{"start":{"line":58,"column":8},"end":{"line":61,"column":9}},"28":{"start":{"line":59,"column":10},"end":{"line":59,"column":29}},"29":{"start":{"line":60,"column":10},"end":{"line":60,"column":17}},"30":{"start":{"line":62,"column":8},"end":{"line":62,"column":43}},"31":{"start":{"line":63,"column":8},"end":{"line":63,"column":15}},"32":{"start":{"line":67,"column":4},"end":{"line":67,"column":41}}},"fnMap":{"0":{"name":"(anonymous_0)","decl":{"start":{"line":2,"column":2},"end":{"line":2,"column":3}},"loc":{"start":{"line":2,"column":32},"end":{"line":8,"column":3}},"line":2},"1":{"name":"(anonymous_1)","decl":{"start":{"line":10,"column":2},"end":{"line":10,"column":3}},"loc":{"start":{"line":10,"column":22},"end":{"line":12,"column":3}},"line":10},"2":{"name":"(anonymous_2)","decl":{"start":{"line":16,"column":2},"end":{"line":16,"column":3}},"loc":{"start":{"line":16,"column":19},"end":{"line":35,"column":3}},"line":16},"3":{"name":"(anonymous_3)","decl":{"start":{"line":37,"column":2},"end":{"line":37,"column":3}},"loc":{"start":{"line":37,"column":27},"end":{"line":48,"column":3}},"line":37},"4":{"name":"(anonymous_4)","decl":{"start":{"line":39,"column":6},"end":{"line":39,"column":7}},"loc":{"start":{"line":40,"column":8},"end":{"line":40,"column":70}},"line":40},"5":{"name":"(anonymous_5)","decl":{"start":{"line":50,"column":2},"end":{"line":50,"column":3}},"loc":{"start":{"line":50,"column":28},"end":{"line":68,"column":3}},"line":50},"6":{"name":"(anonymous_6)","decl":{"start":{"line":53,"column":8},"end":{"line":53,"column":9}},"loc":{"start":{"line":54,"column":10},"end":{"line":54,"column":72}},"line":54}},"branchMap":{"0":{"loc":{"start":{"line":28,"column":4},"end":{"line":30,"column":5}},"type":"if","locations":[{"start":{"line":28,"column":4},"end":{"line":30,"column":5}},{"start":{"line":28,"column":4},"end":{"line":30,"column":5}}],"line":28},"1":{"loc":{"start":{"line":32,"column":4},"end":{"line":34,"column":5}},"type":"if","locations":[{"start":{"line":32,"column":4},"end":{"line":34,"column":5}},{"start":{"line":32,"column":4},"end":{"line":34,"column":5}}],"line":32},"2":{"loc":{"start":{"line":40,"column":8},"end":{"line":40,"column":70}},"type":"binary-expr","locations":[{"start":{"line":40,"column":8},"end":{"line":40,"column":39}},{"start":{"line":40,"column":43},"end":{"line":40,"column":70}}],"line":40},"3":{"loc":{"start":{"line":43,"column":4},"end":{"line":45,"column":5}},"type":"if","locations":[{"start":{"line":43,"column":4},"end":{"line":45,"column":5}},{"start":{"line":43,"column":4},"end":{"line":45,"column":5}}],"line":43},"4":{"loc":{"start":{"line":54,"column":10},"end":{"line":54,"column":72}},"type":"binary-expr","locations":[{"start":{"line":54,"column":10},"end":{"line":54,"column":41}},{"start":{"line":54,"column":45},"end":{"line":54,"column":72}}],"line":54},"5":{"loc":{"start":{"line":57,"column":6},"end":{"line":64,"column":7}},"type":"if","locations":[{"start":{"line":57,"column":6},"end":{"line":64,"column":7}},{"start":{"line":57,"column":6},"end":{"line":64,"column":7}}],"line":57},"6":{"loc":{"start":{"line":58,"column":8},"end":{"line":61,"column":9}},"type":"if","locations":[{"start":{"line":58,"column":8},"end":{"line":61,"column":9}},{"start":{"line":58,"column":8},"end":{"line":61,"column":9}}],"line":58}},"s":{"0":5,"1":5,"2":5,"3":5,"4":5,"5":2,"6":4,"7":4,"8":4,"9":2,"10":4,"11":4,"12":2,"13":4,"14":1,"15":3,"16":1,"17":5,"18":10,"19":5,"20":2,"21":3,"22":13,"23":13,"24":23,"25":23,"26":23,"27":11,"28":5,"29":5,"30":6,"31":6,"32":2},"f":{"0":5,"1":2,"2":4,"3":5,"4":10,"5":13,"6":23},"b":{"0":[1,3],"1":[1,2],"2":[10,4],"3":[2,3],"4":[23,13],"5":[11,12],"6":[5,6]},"_coverageSchema":"1a1c01bbd47fc00a2c39e90264f33305004495a9","hash":"da0c5e3dd8762af3615c6bb5ab11a9d0b11bb432"}
}
