TN:
SF:dist/game/card.js
FN:8,_classCallCheck
FN:16,Card
FNF:2
FNH:2
FNDA:753,_classCallCheck
FNDA:753,Card
DA:3,4
DA:6,4
DA:8,753
DA:10,4
DA:16,4
DA:17,753
DA:19,753
DA:20,1
DA:23,752
DA:24,3
DA:27,749
DA:28,0
DA:31,749
DA:32,749
DA:35,4
DA:36,4
LF:16
LH:15
BRDA:8,0,0,0
BRDA:8,0,1,753
BRDA:19,1,0,1
BRDA:19,1,1,752
BRDA:19,2,0,753
BRDA:19,2,1,752
BRDA:19,2,2,752
BRDA:19,2,3,752
BRDA:23,3,0,3
BRDA:23,3,1,749
BRDA:23,4,0,752
BRDA:23,4,1,750
BRDA:27,5,0,0
BRDA:27,5,1,749
BRDA:27,6,0,749
BRDA:27,6,1,749
BRDA:31,7,0,749
BRDA:31,7,1,581
BRF:18
BRH:16
end_of_record
TN:
SF:dist/game/deck.js
FN:10,_interopRequireDefault
FN:12,_toConsumableArray
FN:14,_nonIterableSpread
FN:16,_unsupportedIterableToArray
FN:18,_iterableToArray
FN:20,_arrayWithoutHoles
FN:22,_arrayLikeToArray
FN:24,_classCallCheck
FN:26,_defineProperties
FN:28,_createClass
FN:30,(anonymous_10)
FN:31,Deck
FN:34,(anonymous_12)
FN:35,(anonymous_13)
FN:45,shuffle
FN:63,size
FN:68,popCards
FNF:17
FNH:13
FNDA:2,_interopRequireDefault
FNDA:56,_toConsumableArray
FNDA:0,_nonIterableSpread
FNDA:0,_unsupportedIterableToArray
FNDA:0,_iterableToArray
FNDA:56,_arrayWithoutHoles
FNDA:56,_arrayLikeToArray
FNDA:14,_classCallCheck
FNDA:2,_defineProperties
FNDA:2,_createClass
FNDA:2,(anonymous_10)
FNDA:14,Deck
FNDA:56,(anonymous_12)
FNDA:728,(anonymous_13)
FNDA:14,shuffle
FNDA:0,size
FNDA:50,popCards
DA:3,2
DA:6,2
DA:8,2
DA:10,2
DA:12,56
DA:14,0
DA:16,0
DA:18,0
DA:20,56
DA:22,728
DA:24,14
DA:26,6
DA:28,2
DA:30,2
DA:32,14
DA:34,14
DA:35,56
DA:36,728
DA:39,14
DA:43,2
DA:46,14
DA:50,14
DA:52,728
DA:54,728
DA:55,728
DA:56,728
DA:59,14
DA:64,0
DA:69,50
DA:70,1
DA:73,49
DA:77,2
DA:80,2
DA:81,2
LF:34
LH:30
BRDA:10,0,0,2
BRDA:10,0,1,0
BRDA:10,1,0,2
BRDA:10,1,1,2
BRDA:12,2,0,56
BRDA:12,2,1,0
BRDA:12,2,2,0
BRDA:12,2,3,0
BRDA:16,3,0,0
BRDA:16,3,1,0
BRDA:16,4,0,0
BRDA:16,4,1,0
BRDA:16,5,0,0
BRDA:16,5,1,0
BRDA:16,6,0,0
BRDA:16,6,1,0
BRDA:16,7,0,0
BRDA:16,7,1,0
BRDA:16,8,0,0
BRDA:16,8,1,0
BRDA:16,9,0,0
BRDA:16,9,1,0
BRDA:16,10,0,0
BRDA:16,10,1,0
BRDA:18,11,0,0
BRDA:18,11,1,0
BRDA:18,12,0,0
BRDA:18,12,1,0
BRDA:20,13,0,56
BRDA:20,13,1,0
BRDA:22,14,0,56
BRDA:22,14,1,0
BRDA:22,15,0,56
BRDA:22,15,1,0
BRDA:24,16,0,0
BRDA:24,16,1,14
BRDA:26,17,0,6
BRDA:26,17,1,6
BRDA:26,18,0,6
BRDA:26,18,1,0
BRDA:28,19,0,2
BRDA:28,19,1,0
BRDA:28,20,0,0
BRDA:28,20,1,2
BRDA:69,21,0,1
BRDA:69,21,1,49
BRF:46
BRH:15
end_of_record
TN:
SF:dist/game/game.js
FN:10,_interopRequireDefault
FN:12,_slicedToArray
FN:14,_nonIterableRest
FN:16,_iterableToArrayLimit
FN:18,_arrayWithHoles
FN:20,_objectWithoutProperties
FN:22,_objectWithoutPropertiesLoose
FN:24,_toConsumableArray
FN:26,_nonIterableSpread
FN:28,_unsupportedIterableToArray
FN:30,_iterableToArray
FN:32,_arrayWithoutHoles
FN:34,_arrayLikeToArray
FN:36,_classCallCheck
FN:38,_defineProperties
FN:40,_createClass
FN:42,(anonymous_16)
FN:43,Game
FN:55,getPlayer
FN:56,(anonymous_19)
FN:63,addPlayer
FN:64,(anonymous_21)
FN:73,addCardToPlayer
FN:74,(anonymous_23)
FN:82,removeCardFromPlayer
FN:83,(anonymous_25)
FN:91,getPlayerOrder
FN:92,(anonymous_27)
FN:108,getPlayerView
FN:109,(anonymous_29)
FN:118,(anonymous_30)
FN:127,(anonymous_31)
FN:141,divideCards
FN:148,(anonymous_33)
FN:152,(anonymous_34)
FN:158,(anonymous_35)
FN:167,setNextTurn
FN:170,(anonymous_37)
FNF:38
FNH:29
FNDA:1,_interopRequireDefault
FNDA:12,_slicedToArray
FNDA:0,_nonIterableRest
FNDA:0,_iterableToArrayLimit
FNDA:12,_arrayWithHoles
FNDA:4,_objectWithoutProperties
FNDA:4,_objectWithoutPropertiesLoose
FNDA:27,_toConsumableArray
FNDA:0,_nonIterableSpread
FNDA:0,_unsupportedIterableToArray
FNDA:0,_iterableToArray
FNDA:27,_arrayWithoutHoles
FNDA:27,_arrayLikeToArray
FNDA:8,_classCallCheck
FNDA:1,_defineProperties
FNDA:1,_createClass
FNDA:1,(anonymous_16)
FNDA:8,Game
FNDA:4,getPlayer
FNDA:4,(anonymous_19)
FNDA:24,addPlayer
FNDA:48,(anonymous_21)
FNDA:1,addCardToPlayer
FNDA:1,(anonymous_23)
FNDA:0,removeCardFromPlayer
FNDA:0,(anonymous_25)
FNDA:1,getPlayerOrder
FNDA:4,(anonymous_27)
FNDA:3,getPlayerView
FNDA:12,(anonymous_29)
FNDA:12,(anonymous_30)
FNDA:27,(anonymous_31)
FNDA:3,divideCards
FNDA:12,(anonymous_33)
FNDA:36,(anonymous_34)
FNDA:12,(anonymous_35)
FNDA:0,setNextTurn
FNDA:0,(anonymous_37)
DA:3,1
DA:6,1
DA:8,1
DA:10,1
DA:12,12
DA:14,0
DA:16,0
DA:18,12
DA:20,4
DA:22,20
DA:24,27
DA:26,0
DA:28,0
DA:30,0
DA:32,27
DA:34,60
DA:36,8
DA:38,8
DA:40,1
DA:42,1
DA:44,8
DA:46,8
DA:47,8
DA:48,8
DA:49,8
DA:50,8
DA:53,1
DA:56,4
DA:57,4
DA:58,4
DA:64,24
DA:65,48
DA:66,48
DA:68,24
DA:74,1
DA:75,1
DA:76,1
DA:78,1
DA:83,0
DA:84,0
DA:85,0
DA:87,0
DA:92,1
DA:93,4
DA:94,4
DA:95,4
DA:96,4
DA:98,4
DA:109,3
DA:110,12
DA:111,12
DA:112,12
DA:113,12
DA:118,3
DA:119,12
DA:120,12
DA:121,12
DA:122,12
DA:123,12
DA:125,12
DA:128,27
DA:142,3
DA:145,3
DA:148,3
DA:149,12
DA:150,12
DA:153,36
DA:158,3
DA:159,12
DA:160,12
DA:161,12
DA:163,3
DA:168,0
DA:170,0
DA:171,0
DA:172,0
DA:174,0
DA:175,0
DA:179,1
DA:182,1
DA:183,1
LF:81
LH:66
BRDA:10,0,0,1
BRDA:10,0,1,0
BRDA:10,1,0,1
BRDA:10,1,1,1
BRDA:12,2,0,12
BRDA:12,2,1,0
BRDA:12,2,2,0
BRDA:12,2,3,0
BRDA:16,3,0,0
BRDA:16,3,1,0
BRDA:16,4,0,0
BRDA:16,4,1,0
BRDA:16,5,0,0
BRDA:16,5,1,0
BRDA:16,6,0,0
BRDA:16,6,1,0
BRDA:16,7,0,0
BRDA:16,7,1,0
BRDA:16,8,0,0
BRDA:16,8,1,0
BRDA:16,9,0,0
BRDA:16,9,1,0
BRDA:18,10,0,12
BRDA:18,10,1,0
BRDA:20,11,0,0
BRDA:20,11,1,4
BRDA:20,12,0,4
BRDA:20,12,1,0
BRDA:20,13,0,0
BRDA:20,13,1,0
BRDA:20,14,0,0
BRDA:20,14,1,0
BRDA:22,15,0,0
BRDA:22,15,1,4
BRDA:22,16,0,12
BRDA:22,16,1,8
BRDA:24,17,0,27
BRDA:24,17,1,0
BRDA:24,17,2,0
BRDA:24,17,3,0
BRDA:28,18,0,0
BRDA:28,18,1,0
BRDA:28,19,0,0
BRDA:28,19,1,0
BRDA:28,20,0,0
BRDA:28,20,1,0
BRDA:28,21,0,0
BRDA:28,21,1,0
BRDA:28,22,0,0
BRDA:28,22,1,0
BRDA:28,23,0,0
BRDA:28,23,1,0
BRDA:28,24,0,0
BRDA:28,24,1,0
BRDA:28,25,0,0
BRDA:28,25,1,0
BRDA:30,26,0,0
BRDA:30,26,1,0
BRDA:30,27,0,0
BRDA:30,27,1,0
BRDA:32,28,0,27
BRDA:32,28,1,0
BRDA:34,29,0,27
BRDA:34,29,1,0
BRDA:34,30,0,27
BRDA:34,30,1,0
BRDA:36,31,0,0
BRDA:36,31,1,8
BRDA:38,32,0,8
BRDA:38,32,1,8
BRDA:38,33,0,8
BRDA:38,33,1,0
BRDA:40,34,0,1
BRDA:40,34,1,0
BRDA:40,35,0,0
BRDA:40,35,1,1
BRDA:64,36,0,24
BRDA:64,36,1,0
BRDA:126,37,0,3
BRDA:126,37,1,9
BRDA:127,38,0,3
BRDA:127,38,1,9
BRF:82
BRH:25
end_of_record
TN:
SF:dist/game/player.js
FN:8,_toConsumableArray
FN:10,_nonIterableSpread
FN:12,_unsupportedIterableToArray
FN:14,_iterableToArray
FN:16,_arrayWithoutHoles
FN:18,_arrayLikeToArray
FN:20,_classCallCheck
FN:22,_defineProperties
FN:24,_createClass
FN:26,(anonymous_9)
FN:27,Player
FN:39,addCardToHand
FN:46,removeCard
FN:69,removeCardFromHand
FN:70,(anonymous_14)
FN:82,removeCardFromTable
FN:84,(anonymous_16)
FNF:17
FNH:14
FNDA:2,_toConsumableArray
FNDA:0,_nonIterableSpread
FNDA:0,_unsupportedIterableToArray
FNDA:0,_iterableToArray
FNDA:2,_arrayWithoutHoles
FNDA:2,_arrayLikeToArray
FNDA:5,_classCallCheck
FNDA:2,_defineProperties
FNDA:2,_createClass
FNDA:2,(anonymous_9)
FNDA:5,Player
FNDA:2,addCardToHand
FNDA:4,removeCard
FNDA:5,removeCardFromHand
FNDA:10,(anonymous_14)
FNDA:13,removeCardFromTable
FNDA:23,(anonymous_16)
DA:3,2
DA:6,2
DA:8,2
DA:10,0
DA:12,0
DA:14,0
DA:16,2
DA:18,5
DA:20,5
DA:22,8
DA:24,2
DA:26,2
DA:28,5
DA:30,5
DA:31,5
DA:32,5
DA:33,5
DA:34,5
DA:37,2
DA:40,2
DA:47,4
DA:49,4
DA:50,4
DA:51,2
DA:54,4
DA:55,4
DA:56,2
DA:59,4
DA:60,1
DA:63,3
DA:64,1
DA:70,5
DA:71,10
DA:74,5
DA:75,2
DA:78,3
DA:83,13
DA:84,23
DA:85,23
DA:88,23
DA:89,11
DA:90,5
DA:91,5
DA:94,6
DA:95,6
DA:99,2
DA:103,2
DA:106,2
DA:107,2
LF:49
LH:46
BRDA:8,0,0,2
BRDA:8,0,1,0
BRDA:8,0,2,0
BRDA:8,0,3,0
BRDA:12,1,0,0
BRDA:12,1,1,0
BRDA:12,2,0,0
BRDA:12,2,1,0
BRDA:12,3,0,0
BRDA:12,3,1,0
BRDA:12,4,0,0
BRDA:12,4,1,0
BRDA:12,5,0,0
BRDA:12,5,1,0
BRDA:12,6,0,0
BRDA:12,6,1,0
BRDA:12,7,0,0
BRDA:12,7,1,0
BRDA:12,8,0,0
BRDA:12,8,1,0
BRDA:14,9,0,0
BRDA:14,9,1,0
BRDA:14,10,0,0
BRDA:14,10,1,0
BRDA:16,11,0,2
BRDA:16,11,1,0
BRDA:18,12,0,2
BRDA:18,12,1,0
BRDA:18,13,0,2
BRDA:18,13,1,0
BRDA:20,14,0,0
BRDA:20,14,1,5
BRDA:22,15,0,8
BRDA:22,15,1,8
BRDA:22,16,0,8
BRDA:22,16,1,0
BRDA:24,17,0,2
BRDA:24,17,1,0
BRDA:24,18,0,0
BRDA:24,18,1,2
BRDA:59,19,0,1
BRDA:59,19,1,3
BRDA:63,20,0,1
BRDA:63,20,1,2
BRDA:71,21,0,10
BRDA:71,21,1,4
BRDA:74,22,0,2
BRDA:74,22,1,3
BRDA:85,23,0,23
BRDA:85,23,1,13
BRDA:88,24,0,11
BRDA:88,24,1,12
BRDA:89,25,0,5
BRDA:89,25,1,6
BRF:54
BRH:24
end_of_record
TN:
SF:src/game/card.js
FN:8,(anonymous_0)
FNF:1
FNH:1
FNDA:753,(anonymous_0)
DA:1,4
DA:9,753
DA:15,1
DA:18,752
DA:19,3
DA:22,749
DA:23,0
DA:26,749
DA:27,749
LF:9
LH:8
BRDA:9,0,0,1
BRDA:9,0,1,752
BRDA:10,1,0,753
BRDA:10,1,1,752
BRDA:10,1,2,752
BRDA:10,1,3,752
BRDA:18,2,0,3
BRDA:18,2,1,749
BRDA:18,3,0,752
BRDA:18,3,1,750
BRDA:22,4,0,0
BRDA:22,4,1,749
BRDA:22,5,0,749
BRDA:22,5,1,749
BRDA:26,6,0,749
BRDA:26,6,1,581
BRF:16
BRH:15
end_of_record
TN:
SF:src/game/deck.js
FN:4,(anonymous_0)
FN:5,(anonymous_1)
FN:6,(anonymous_2)
FN:13,(anonymous_3)
FN:32,(anonymous_4)
FN:36,(anonymous_5)
FNF:6
FNH:5
FNDA:14,(anonymous_0)
FNDA:56,(anonymous_1)
FNDA:728,(anonymous_2)
FNDA:14,(anonymous_3)
FNDA:0,(anonymous_4)
FNDA:50,(anonymous_5)
DA:5,56
DA:6,728
DA:9,14
DA:14,14
DA:19,14
DA:21,728
DA:24,728
DA:25,728
DA:26,728
DA:29,14
DA:33,0
DA:37,50
DA:38,1
DA:41,49
LF:14
LH:13
BRDA:37,0,0,1
BRDA:37,0,1,49
BRF:2
BRH:2
end_of_record
TN:
SF:src/game/game.js
FN:4,(anonymous_0)
FN:12,(anonymous_1)
FN:13,(anonymous_2)
FN:16,(anonymous_3)
FN:17,(anonymous_4)
FN:22,(anonymous_5)
FN:23,(anonymous_6)
FN:28,(anonymous_7)
FN:29,(anonymous_8)
FN:34,(anonymous_9)
FN:36,(anonymous_10)
FN:45,(anonymous_11)
FN:47,(anonymous_12)
FN:51,(anonymous_13)
FN:58,(anonymous_14)
FN:69,(anonymous_15)
FN:78,(anonymous_16)
FN:82,(anonymous_17)
FN:88,(anonymous_18)
FN:96,(anonymous_19)
FN:98,(anonymous_20)
FNF:21
FNH:17
FNDA:8,(anonymous_0)
FNDA:4,(anonymous_1)
FNDA:4,(anonymous_2)
FNDA:24,(anonymous_3)
FNDA:48,(anonymous_4)
FNDA:1,(anonymous_5)
FNDA:1,(anonymous_6)
FNDA:0,(anonymous_7)
FNDA:0,(anonymous_8)
FNDA:1,(anonymous_9)
FNDA:4,(anonymous_10)
FNDA:3,(anonymous_11)
FNDA:12,(anonymous_12)
FNDA:12,(anonymous_13)
FNDA:27,(anonymous_14)
FNDA:3,(anonymous_15)
FNDA:12,(anonymous_16)
FNDA:36,(anonymous_17)
FNDA:12,(anonymous_18)
FNDA:0,(anonymous_19)
FNDA:0,(anonymous_20)
DA:5,8
DA:6,8
DA:7,8
DA:8,8
DA:9,8
DA:13,4
DA:17,48
DA:18,24
DA:23,1
DA:25,1
DA:29,0
DA:31,0
DA:35,1
DA:36,4
DA:46,3
DA:47,12
DA:50,3
DA:51,12
DA:58,27
DA:71,3
DA:77,3
DA:78,12
DA:82,36
DA:88,3
DA:89,12
DA:90,12
DA:93,3
DA:98,0
DA:101,0
DA:102,0
LF:30
LH:25
BRDA:17,0,0,24
BRDA:17,0,1,0
BRDA:54,1,0,3
BRDA:54,1,1,9
BRDA:56,2,0,3
BRDA:56,2,1,9
BRF:6
BRH:5
end_of_record
TN:
SF:src/game/player.js
FN:2,(anonymous_0)
FN:10,(anonymous_1)
FN:16,(anonymous_2)
FN:37,(anonymous_3)
FN:39,(anonymous_4)
FN:50,(anonymous_5)
FN:53,(anonymous_6)
FNF:7
FNH:7
FNDA:5,(anonymous_0)
FNDA:2,(anonymous_1)
FNDA:4,(anonymous_2)
FNDA:5,(anonymous_3)
FNDA:10,(anonymous_4)
FNDA:13,(anonymous_5)
FNDA:23,(anonymous_6)
DA:3,5
DA:4,5
DA:5,5
DA:6,5
DA:7,5
DA:11,2
DA:17,4
DA:18,4
DA:19,4
DA:20,2
DA:23,4
DA:24,4
DA:25,2
DA:28,4
DA:29,1
DA:32,3
DA:33,1
DA:38,5
DA:40,10
DA:43,5
DA:44,2
DA:47,3
DA:51,13
DA:52,23
DA:54,23
DA:57,23
DA:58,11
DA:59,5
DA:60,5
DA:62,6
DA:63,6
DA:67,2
LF:32
LH:32
BRDA:28,0,0,1
BRDA:28,0,1,3
BRDA:32,1,0,1
BRDA:32,1,1,2
BRDA:40,2,0,10
BRDA:40,2,1,4
BRDA:43,3,0,2
BRDA:43,3,1,3
BRDA:54,4,0,23
BRDA:54,4,1,13
BRDA:57,5,0,11
BRDA:57,5,1,12
BRDA:58,6,0,5
BRDA:58,6,1,6
BRF:14
BRH:14
end_of_record
