TN:
SF:src/game/card.js
FN:8,(anonymous_0)
FNF:1
FNH:1
FNDA:681,(anonymous_0)
DA:1,3
DA:9,681
DA:15,1
DA:18,680
DA:19,3
DA:22,677
DA:23,0
DA:26,677
DA:27,677
LF:9
LH:8
BRDA:9,0,0,1
BRDA:9,0,1,680
BRDA:10,1,0,681
BRDA:10,1,1,680
BRDA:10,1,2,680
BRDA:10,1,3,680
BRDA:18,2,0,3
BRDA:18,2,1,677
BRDA:18,3,0,680
BRDA:18,3,1,678
BRDA:22,4,0,0
BRDA:22,4,1,677
BRDA:22,5,0,677
BRDA:22,5,1,677
BRDA:26,6,0,677
BRDA:26,6,1,521
BRF:16
BRH:15
end_of_record
TN:
SF:src/game/deck.js
FN:4,(anonymous_0)
FN:5,(anonymous_1)
FN:6,(anonymous_2)
FN:13,(anonymous_3)
FN:32,(anonymous_4)
FN:36,(anonymous_5)
FNF:6
FNH:5
FNDA:13,(anonymous_0)
FNDA:52,(anonymous_1)
FNDA:676,(anonymous_2)
FNDA:13,(anonymous_3)
FNDA:0,(anonymous_4)
FNDA:50,(anonymous_5)
DA:5,52
DA:6,676
DA:9,13
DA:14,13
DA:19,13
DA:21,676
DA:24,676
DA:25,676
DA:26,676
DA:29,13
DA:33,0
DA:37,50
DA:38,1
DA:41,49
LF:14
LH:13
BRDA:37,0,0,1
BRDA:37,0,1,49
BRF:2
BRH:2
end_of_record
TN:
SF:src/game/game.js
FN:5,(anonymous_0)
FN:13,(anonymous_1)
FN:14,(anonymous_2)
FN:17,(anonymous_3)
FN:18,(anonymous_4)
FN:23,(anonymous_5)
FN:24,(anonymous_6)
FN:29,(anonymous_7)
FN:30,(anonymous_8)
FN:38,(anonymous_9)
FN:40,(anonymous_10)
FN:44,(anonymous_11)
FN:51,(anonymous_12)
FN:62,(anonymous_13)
FN:71,(anonymous_14)
FN:75,(anonymous_15)
FN:81,(anonymous_16)
FN:90,(anonymous_17)
FN:92,(anonymous_18)
FN:98,(anonymous_19)
FN:102,(anonymous_20)
FN:104,(anonymous_21)
FNF:22
FNH:15
FNDA:7,(anonymous_0)
FNDA:4,(anonymous_1)
FNDA:4,(anonymous_2)
FNDA:21,(anonymous_3)
FNDA:42,(anonymous_4)
FNDA:1,(anonymous_5)
FNDA:1,(anonymous_6)
FNDA:0,(anonymous_7)
FNDA:0,(anonymous_8)
FNDA:3,(anonymous_9)
FNDA:12,(anonymous_10)
FNDA:12,(anonymous_11)
FNDA:27,(anonymous_12)
FNDA:3,(anonymous_13)
FNDA:12,(anonymous_14)
FNDA:36,(anonymous_15)
FNDA:12,(anonymous_16)
FNDA:0,(anonymous_17)
FNDA:0,(anonymous_18)
FNDA:0,(anonymous_19)
FNDA:0,(anonymous_20)
FNDA:0,(anonymous_21)
DA:6,7
DA:7,7
DA:8,7
DA:9,7
DA:10,7
DA:14,4
DA:18,42
DA:19,21
DA:24,1
DA:26,1
DA:30,0
DA:39,3
DA:40,12
DA:43,3
DA:44,12
DA:51,27
DA:64,3
DA:70,3
DA:71,12
DA:75,36
DA:81,3
DA:82,12
DA:83,12
DA:86,3
DA:91,0
DA:92,0
DA:95,0
DA:98,0
DA:104,0
DA:107,0
DA:108,0
LF:31
LH:23
BRDA:18,0,0,21
BRDA:18,0,1,0
BRDA:47,1,0,3
BRDA:47,1,1,9
BRDA:49,2,0,3
BRDA:49,2,1,9
BRF:6
BRH:5
end_of_record
TN:
SF:src/game/player.js
FN:2,(anonymous_0)
FN:10,(anonymous_1)
FNF:2
FNH:2
FNDA:4,(anonymous_0)
FNDA:1,(anonymous_1)
DA:3,4
DA:4,4
DA:5,4
DA:6,4
DA:7,4
DA:11,1
LF:6
LH:6
BRF:0
BRH:0
end_of_record
